文件：AP_Entery.c  编译器版本 HGASM 0202 页次1


   1  0000              ; Generated by holtek-gcc v3.19, Fri May 23 10:39:34 2025
   2  0000              ; 
   3  0000              ; Configuration:
   4  0000              ;       with long instruction
   5  0000              ;       Multi-ROM, Multi-RAM
   6  0000              ;       bits_per_rom_unit:16
   7  0000              ;       with mp1
   8  0000              ;       with tbhp, address(0x9)
   9  0000              ;          Use tabrd-const
  10  0000              ;       
  11  0000              ; SFR address of long-instruction arch:
  12  0000              ;    mp0 = -1,1,0
  13  0000              ;    mp1 = 4,3,2
  14  0000              ;    mp2 = 14,13,12
  15  0000              ;    tbp = 9,7,8
  16  0000              ;    acc = 5
  17  0000              ;    pcl = 6
  18  0000              ;    status = 10
  19  0000              ;    bp = 11
  20  0000              ;    intc = 32
  21  0000              ;       
  22  0000              ;       
  23  0000              ; use 'tabrdc' instead of 'tabrd'
  24  0000              ;       
  25  0000              
  26  0000              #pragma translator "holtek-gcc 4.6.4" "3.19" "build 20130711"
  27  0000              ; Rebuild 718
  28  0000              
  29  0000              ir equ [2]
  30  0000              mp equ [3]
  31  0000              sbp equ [4]
  32  0000              acc equ [5]
  33  0000              bp equ [11]
  34  0000              tblp equ [7]
  35  0000              tbhp equ [9]
  36  0000              status equ [10]
  37  0000              c equ [10].0
  38  0000              ac equ [10].1
  39  0000              z equ [10].2
  40  0000              ov equ [10].3
  41  0000              cz equ [10].6
  42  0000              sc equ [10].7
  43  0000              intc equ [32]
  44  0000              mduwr0 equ [59h]
  45  0000              mduwr1 equ [5ah]
  46  0000              mduwr2 equ [5bh]
  47  0000              mduwr3 equ [5ch]
  48  0000              mduwr4 equ [5dh]
  49  0000              mduwr5 equ [5eh]
  50  0000              mduwrctrl equ [5fh]
  51  0000              
  52  0000              extern ra:byte
  53  0000              extern rb:byte
  54  0000              extern rc:byte
  55  0000              extern rd:byte
  56  0000              extern re:byte
  57  0000              extern rf:byte
  58  0000              extern rg:byte
  59  0000              extern rh:byte
文件：AP_Entery.ASM 编译器版本 HGASM 0202 页次2

  60  0000              extern _Crom2Prom:near
  61  0000              extern _Crom2PromNext:near
  62  0000              
  63  0000              RAMBANK 0 @BITDATASEC, @BITDATASEC1
  64  0000              @HCCINIT	.section 'data'
  65  0000              @HCCINIT0	.section 'data'
  66  0000              @BITDATASEC	 .section 'data'
  67  0000              @BITDATASEC1	 .section 'data'
  68  0000              
  69  0000              #pragma debug scope 1 1
  70  0000              	extern __DELAY3:near
  71  0000              	extern __DELAYX3:near
  72  0000              	extern __DELAYX6:near
  73  0000              	extern __DELAYY5:near
  74  0000              	extern __DELAYY3:near
  75  0000              	extern _builtin_holtek_delay_2:byte
  76  0000              	AP_Main_Address EQU (0x400+0x40)
  77  0000              public _main
  78  0000              #pragma debug scope 2 1

  10  0000              #line 10 "c:\users\longshuangmin\desktop\worke_space\g-501\g-501\AP_Entery.c"
  10  0000              IFDEF WITH_DEFAULT_STARTUP
  10  0000              extern _main_initial0:near
  10  0000              extern _main_startup:near
  10  0000              ENDIF
  10  0000              
  10  0000              ROMBANK 0 @start
  10  0000              @start .section com_l 'code'
  10  0000              _main_startup1:
  10  0000              @start .section com_e 'code'
  10  0000  0F00     R  	mov a,bank _main
  10  0001  008B        	mov bp,a
  10  0002  2800     R  	jmp _main
  10  0003              
  10  0000              _main .section 'code'
  10  0000              _main proc
  11  0000              #line 11 "c:\users\longshuangmin\desktop\worke_space\g-501\g-501\AP_Entery.c"
  11  0000              	fcall _main_AP
  11  0007  2800     R  	jmp $
  11  0008              _main endp
  11  0008              
  11  0008              @dummy endp
  11  0008              
  11  0008              #line 11 "c:\users\longshuangmin\desktop\worke_space\g-501\g-501\AP_Entery.c"
  11  0008              #pragma debug scope 1 1
  11  0008              public _ISR_0x04_Routine
  11  0008              #pragma debug scope 3 1
  22  0008              #line 22 "c:\users\longshuangmin\desktop\worke_space\g-501\g-501\AP_Entery.c"
  22  0008              acc4 EQU [128]
  22  0008              #pragma debug variable 8 1 acc4 "acc4" 1
  22  0008              rombank 0 @ISR_0x04_Routine_code
  22  0000              @ISR_0x04_Routine_code .section at 4 'code'
  22  0000              _ISR_0x04_Routine:
  22  0000  4080        	mov acc4,a
  22  0001  070B        	mov a,bp
  22  0002  1F0B        	clr bp
  22  0003  2C04        	jmp 1028
  22  0004              #line 22 "c:\users\longshuangmin\desktop\worke_space\g-501\g-501\AP_Entery.c"
  22  0004              #pragma debug scope 1 1
  22  0004              public _ISR_0x08_Routine
文件：AP_Entery.c  编译器版本 HGASM 0202 页次3

  22  0004              #pragma debug scope 4 1
  30  0004              #line 30 "c:\users\longshuangmin\desktop\worke_space\g-501\g-501\AP_Entery.c"
  30  0004              acc8 EQU [129]
  30  0004              #pragma debug variable 8 1 acc8 "acc8" 1
  30  0004              rombank 0 @ISR_0x08_Routine_code
  30  0000              @ISR_0x08_Routine_code .section at 8 'code'
  30  0000              _ISR_0x08_Routine:
  30  0000  4081        	mov acc8,a
  30  0001  070B        	mov a,bp
  30  0002  1F0B        	clr bp
  30  0003  2C08        	jmp 1032
  30  0004              #line 30 "c:\users\longshuangmin\desktop\worke_space\g-501\g-501\AP_Entery.c"
  30  0004              #pragma debug scope 1 1
  30  0004              public _ISR_0x0c_Routine
  30  0004              #pragma debug scope 5 1
  38  0004              #line 38 "c:\users\longshuangmin\desktop\worke_space\g-501\g-501\AP_Entery.c"
  38  0004              acc12 EQU [130]
  38  0004              #pragma debug variable 8 1 acc12 "acc12" 1
  38  0004              rombank 0 @ISR_0x0c_Routine_code
  38  0000              @ISR_0x0c_Routine_code .section at 12 'code'
  38  0000              _ISR_0x0c_Routine:
  38  0000  4082        	mov acc12,a
  38  0001  070B        	mov a,bp
  38  0002  1F0B        	clr bp
  38  0003  2C0C        	jmp 1036
  38  0004              #line 38 "c:\users\longshuangmin\desktop\worke_space\g-501\g-501\AP_Entery.c"
  38  0004              #pragma debug scope 1 1
  38  0004              public _ISR_0x10_Routine
  38  0004              #pragma debug scope 6 1
  46  0004              #line 46 "c:\users\longshuangmin\desktop\worke_space\g-501\g-501\AP_Entery.c"
  46  0004              acc16 EQU [131]
  46  0004              #pragma debug variable 8 1 acc16 "acc16" 1
  46  0004              rombank 0 @ISR_0x10_Routine_code
  46  0000              @ISR_0x10_Routine_code .section at 16 'code'
  46  0000              _ISR_0x10_Routine:
  46  0000  4083        	mov acc16,a
  46  0001  070B        	mov a,bp
  46  0002  1F0B        	clr bp
  46  0003  2C10        	jmp 1040
  46  0004              #line 46 "c:\users\longshuangmin\desktop\worke_space\g-501\g-501\AP_Entery.c"
  46  0004              #pragma debug scope 1 1
  46  0004              public _ISR_0x14_Routine
  46  0004              #pragma debug scope 7 1
  53  0004              #line 53 "c:\users\longshuangmin\desktop\worke_space\g-501\g-501\AP_Entery.c"
  53  0004              acc20 EQU [132]
  53  0004              #pragma debug variable 8 1 acc20 "acc20" 1
  53  0004              rombank 0 @ISR_0x14_Routine_code
  53  0000              @ISR_0x14_Routine_code .section at 20 'code'
  53  0000              _ISR_0x14_Routine:
  53  0000  4084        	mov acc20,a
  53  0001  070B        	mov a,bp
  53  0002  1F0B        	clr bp
  53  0003  2C14        	jmp 1044
  53  0004              #line 53 "c:\users\longshuangmin\desktop\worke_space\g-501\g-501\AP_Entery.c"
  53  0004              #pragma debug scope 1 1
  53  0004              public _ISR_0x18_Routine
  53  0004              #pragma debug scope 8 1
  61  0004              #line 61 "c:\users\longshuangmin\desktop\worke_space\g-501\g-501\AP_Entery.c"
  61  0004              acc24 EQU [133]
  61  0004              #pragma debug variable 8 1 acc24 "acc24" 1
文件：AP_Entery.c  编译器版本 HGASM 0202 页次4

  61  0004              rombank 0 @ISR_0x18_Routine_code
  61  0000              @ISR_0x18_Routine_code .section at 24 'code'
  61  0000              _ISR_0x18_Routine:
  61  0000  4085        	mov acc24,a
  61  0001  070B        	mov a,bp
  61  0002  1F0B        	clr bp
  61  0003  2C18        	jmp 1048
  61  0004              #line 61 "c:\users\longshuangmin\desktop\worke_space\g-501\g-501\AP_Entery.c"
  61  0004              #pragma debug scope 1 1
  61  0004              public _ISR_0x1c_Routine
  61  0004              #pragma debug scope 9 1
  68  0004              #line 68 "c:\users\longshuangmin\desktop\worke_space\g-501\g-501\AP_Entery.c"
  68  0004              acc28 EQU [134]
  68  0004              #pragma debug variable 8 1 acc28 "acc28" 1
  68  0004              rombank 0 @ISR_0x1c_Routine_code
  68  0000              @ISR_0x1c_Routine_code .section at 28 'code'
  68  0000              _ISR_0x1c_Routine:
  68  0000  4086        	mov acc28,a
  68  0001  070B        	mov a,bp
  68  0002  1F0B        	clr bp
  68  0003  2C1C        	jmp 1052
  68  0004              #line 68 "c:\users\longshuangmin\desktop\worke_space\g-501\g-501\AP_Entery.c"
  68  0004              #pragma debug scope 1 1
  68  0004              public _ISR_0x20_Routine
  68  0004              #pragma debug scope 10 1
  75  0004              #line 75 "c:\users\longshuangmin\desktop\worke_space\g-501\g-501\AP_Entery.c"
  75  0004              acc32 EQU [135]
  75  0004              #pragma debug variable 8 1 acc32 "acc32" 1
  75  0004              rombank 0 @ISR_0x20_Routine_code
  75  0000              @ISR_0x20_Routine_code .section at 32 'code'
  75  0000              _ISR_0x20_Routine:
  75  0000  4087        	mov acc32,a
  75  0001  070B        	mov a,bp
  75  0002  1F0B        	clr bp
  75  0003  2C20        	jmp 1056
  75  0004              #line 75 "c:\users\longshuangmin\desktop\worke_space\g-501\g-501\AP_Entery.c"
  75  0004              #pragma debug scope 1 1
  75  0004              public _ISR_0x24_Routine
  75  0004              #pragma debug scope 11 1
  82  0004              #line 82 "c:\users\longshuangmin\desktop\worke_space\g-501\g-501\AP_Entery.c"
  82  0004              acc36 EQU [136]
  82  0004              #pragma debug variable 8 1 acc36 "acc36" 1
  82  0004              rombank 0 @ISR_0x24_Routine_code
  82  0000              @ISR_0x24_Routine_code .section at 36 'code'
  82  0000              _ISR_0x24_Routine:
  82  0000  4088        	mov acc36,a
  82  0001  070B        	mov a,bp
  82  0002  1F0B        	clr bp
  82  0003  2C24        	jmp 1060
  82  0004              #line 82 "c:\users\longshuangmin\desktop\worke_space\g-501\g-501\AP_Entery.c"
  82  0004              #pragma debug scope 1 1
  82  0004              public _ISR_0x28_Routine
  82  0004              #pragma debug scope 12 1
  89  0004              #line 89 "c:\users\longshuangmin\desktop\worke_space\g-501\g-501\AP_Entery.c"
  89  0004              acc40 EQU [137]
  89  0004              #pragma debug variable 8 1 acc40 "acc40" 1
  89  0004              rombank 0 @ISR_0x28_Routine_code
  89  0000              @ISR_0x28_Routine_code .section at 40 'code'
  89  0000              _ISR_0x28_Routine:
  89  0000  4089        	mov acc40,a
文件：AP_Entery.c  编译器版本 HGASM 0202 页次5

  89  0001  070B        	mov a,bp
  89  0002  1F0B        	clr bp
  89  0003  2C28        	jmp 1064
  89  0004              #line 89 "c:\users\longshuangmin\desktop\worke_space\g-501\g-501\AP_Entery.c"
  89  0004              #pragma debug scope 1 1
  89  0004              public _ISR_0x2c_Routine
  89  0004              #pragma debug scope 13 1
  96  0004              #line 96 "c:\users\longshuangmin\desktop\worke_space\g-501\g-501\AP_Entery.c"
  96  0004              acc44 EQU [138]
  96  0004              #pragma debug variable 8 1 acc44 "acc44" 1
  96  0004              rombank 0 @ISR_0x2c_Routine_code
  96  0000              @ISR_0x2c_Routine_code .section at 44 'code'
  96  0000              _ISR_0x2c_Routine:
  96  0000  408A        	mov acc44,a
  96  0001  070B        	mov a,bp
  96  0002  1F0B        	clr bp
  96  0003  2C2C        	jmp 1068
  96  0004              #line 96 "c:\users\longshuangmin\desktop\worke_space\g-501\g-501\AP_Entery.c"
  96  0004              #pragma debug scope 1 1
  96  0004              public _ISR_0x30_Routine
  96  0004              #pragma debug scope 14 1
 103  0004              #line 103 "c:\users\longshuangmin\desktop\worke_space\g-501\g-501\AP_Entery.c"
 103  0004              acc48 EQU [139]
 103  0004              #pragma debug variable 8 1 acc48 "acc48" 1
 103  0004              rombank 0 @ISR_0x30_Routine_code
 103  0000              @ISR_0x30_Routine_code .section at 48 'code'
 103  0000              _ISR_0x30_Routine:
 103  0000  408B        	mov acc48,a
 103  0001  070B        	mov a,bp
 103  0002  1F0B        	clr bp
 103  0003  2C30        	jmp 1072
 103  0004              #line 103 "c:\users\longshuangmin\desktop\worke_space\g-501\g-501\AP_Entery.c"
 103  0004              #pragma debug scope 1 1
 103  0004              public _ISR_0x34_Routine
 103  0004              #pragma debug scope 15 1
 111  0004              #line 111 "c:\users\longshuangmin\desktop\worke_space\g-501\g-501\AP_Entery.c"
 111  0004              acc52 EQU [140]
 111  0004              #pragma debug variable 8 1 acc52 "acc52" 1
 111  0004              rombank 0 @ISR_0x34_Routine_code
 111  0000              @ISR_0x34_Routine_code .section at 52 'code'
 111  0000              _ISR_0x34_Routine:
 111  0000  408C        	mov acc52,a
 111  0001  070B        	mov a,bp
 111  0002  1F0B        	clr bp
 111  0003  2C34        	jmp 1076
 111  0004              #line 111 "c:\users\longshuangmin\desktop\worke_space\g-501\g-501\AP_Entery.c"
 111  0004              #pragma debug scope 1 1
 111  0004              public _ISR_0x38_Routine
 111  0004              #pragma debug scope 16 1
 119  0004              #line 119 "c:\users\longshuangmin\desktop\worke_space\g-501\g-501\AP_Entery.c"
 119  0004              acc56 EQU [141]
 119  0004              #pragma debug variable 8 1 acc56 "acc56" 1
 119  0004              rombank 0 @ISR_0x38_Routine_code
 119  0000              @ISR_0x38_Routine_code .section at 56 'code'
 119  0000              _ISR_0x38_Routine:
 119  0000  408D        	mov acc56,a
 119  0001  070B        	mov a,bp
 119  0002  1F0B        	clr bp
 119  0003  2C38        	jmp 1080
 119  0004              #line 119 "c:\users\longshuangmin\desktop\worke_space\g-501\g-501\AP_Entery.c"
文件：AP_Entery.c  编译器版本 HGASM 0202 页次6

 119  0004              #pragma debug scope 1 1
 119  0004              public _ISR_0x3C_Routine
 119  0004              #pragma debug scope 17 1
 127  0004              #line 127 "c:\users\longshuangmin\desktop\worke_space\g-501\g-501\AP_Entery.c"
 127  0004              acc60 EQU [142]
 127  0004              #pragma debug variable 8 1 acc60 "acc60" 1
 127  0004              rombank 0 @ISR_0x3C_Routine_code
 127  0000              @ISR_0x3C_Routine_code .section at 60 'code'
 127  0000              _ISR_0x3C_Routine:
 127  0000  408E        	mov acc60,a
 127  0001  070B        	mov a,bp
 127  0002  1F0B        	clr bp
 127  0003  2C3C        	jmp 1084
 127  0004              #line 127 "c:\users\longshuangmin\desktop\worke_space\g-501\g-501\AP_Entery.c"
 127  0004              #pragma debug scope 1 1
  10  0004              #line 10 "c:\users\longshuangmin\desktop\worke_space\g-501\g-501\AP_Entery.c"
  10  0000              @code .section at 0 'code'
  10  0000  1F0B        	clr bp
  10  0001  2800     R  	jmp _main_startup1
  10  0002              
  10  0002              extern _main_AP:near
  10  0002              
  10  0002              ; 
  10  0002              ; Generated by holtek-gcc v3.19, Fri May 23 10:39:34 2025
  10  0002              ; Rebuild 718
  10  0002              ; end of file


        0 Errors, 0