文件：battery.c    编译器版本 HGASM 0202 页次1


   1  0000              ; Generated by holtek-gcc v3.19, Fri May 23 10:39:36 2025
   2  0000              ; 
   3  0000              ; Configuration:
   4  0000              ;       with long instruction
   5  0000              ;       Multi-ROM, Multi-RAM
   6  0000              ;       bits_per_rom_unit:16
   7  0000              ;       with mp1
   8  0000              ;       with tbhp, address(0x9)
   9  0000              ;          Use tabrd-const
  10  0000              ;       
  11  0000              ; SFR address of long-instruction arch:
  12  0000              ;    mp0 = -1,1,0
  13  0000              ;    mp1 = 4,3,2
  14  0000              ;    mp2 = 14,13,12
  15  0000              ;    tbp = 9,7,8
  16  0000              ;    acc = 5
  17  0000              ;    pcl = 6
  18  0000              ;    status = 10
  19  0000              ;    bp = 11
  20  0000              ;    intc = 32
  21  0000              ;       
  22  0000              ;       
  23  0000              ; use 'tabrdc' instead of 'tabrd'
  24  0000              ;       
  25  0000              
  26  0000              #pragma translator "holtek-gcc 4.6.4" "3.19" "build 20130711"
  27  0000              ; Rebuild 718
  28  0000              
  29  0000              ir equ [2]
  30  0000              mp equ [3]
  31  0000              sbp equ [4]
  32  0000              acc equ [5]
  33  0000              bp equ [11]
  34  0000              tblp equ [7]
  35  0000              tbhp equ [9]
  36  0000              status equ [10]
  37  0000              c equ [10].0
  38  0000              ac equ [10].1
  39  0000              z equ [10].2
  40  0000              ov equ [10].3
  41  0000              cz equ [10].6
  42  0000              sc equ [10].7
  43  0000              intc equ [32]
  44  0000              mduwr0 equ [59h]
  45  0000              mduwr1 equ [5ah]
  46  0000              mduwr2 equ [5bh]
  47  0000              mduwr3 equ [5ch]
  48  0000              mduwr4 equ [5dh]
  49  0000              mduwr5 equ [5eh]
  50  0000              mduwrctrl equ [5fh]
  51  0000              
  52  0000              extern ra:byte
  53  0000              extern rb:byte
  54  0000              extern rc:byte
  55  0000              extern rd:byte
  56  0000              extern re:byte
  57  0000              extern rf:byte
  58  0000              extern rg:byte
  59  0000              extern rh:byte
文件：battery.ASM  编译器版本 HGASM 0202 页次2

  60  0000              extern _Crom2Prom:near
  61  0000              extern _Crom2PromNext:near
  62  0000              
  63  0000              RAMBANK 0 @BITDATASEC, @BITDATASEC1
  64  0000              @HCCINIT	.section 'data'
  65  0000              @HCCINIT0	.section 'data'
  66  0000              @BITDATASEC	 .section 'data'
  67  0000              @BITDATASEC1	 .section 'data'
  68  0000              
  69  0000              #pragma debug scope 1 1
  70  0000              	extern __DELAY3:near
  71  0000              	extern __DELAYX3:near
  72  0000              	extern __DELAYX6:near
  73  0000              	extern __DELAYY5:near
  74  0000              	extern __DELAYY3:near
  75  0000              	extern _builtin_holtek_delay_2:byte
  76  0000              _batlevel equ [3721]
  77  0000              public _BatteryCheckProcess
  78  0000              #pragma debug scope 2 1

  18  0000              #line 18 "c:\users\longshuangmin\desktop\worke_space\g-501\g-501\battery.c"
  18  0000              _BatteryCheckProcess .section 'code'
  18  0000              _BatteryCheckProcess proc
  18  0000  00              local _BatteryCheckProcess_2 db 1 dup(?)	; 0,1
  20  0001              #line 20 "c:\users\longshuangmin\desktop\worke_space\g-501\g-501\battery.c"
  20  0000  0700     E  	mov a,_M_Task[0]
  20  0001  0080     R  	mov _BatteryCheckProcess_2[0],a
  20  0002  0700     R  	mov a,_BatteryCheckProcess_2[0]
  20  0003  0A00        	sub a,0
  20  0004  3D0A        	sz z
  20  0005  2800     R  	jmp _L2
  20  0006  0A03        	sub a,(3)-(0)
  20  0007  3D0A        	sz z
  20  0008  2800     R  	jmp _L2
  20  0009              #line 20 "c:\users\longshuangmin\desktop\worke_space\g-501\g-501\battery.c"
  20  0009  0700     R  	mov a,_BatteryCheckProcess_2[0]
  20  000A  0A09        	sub a,9
  20  000B  3D0A        	sz z
  20  000C  2800     R  	jmp _L2
  22  000D              #line 22 "c:\users\longshuangmin\desktop\worke_space\g-501\g-501\battery.c"
  22  000D  3C00     E  	sz _Flag2[0].0
  22  000E  2800     R  	jmp _L2
  26  000F              #line 26 "c:\users\longshuangmin\desktop\worke_space\g-501\g-501\battery.c"
  26  000F  3000     E  	set _Flag2[0].0
  27  0010              #line 27 "c:\users\longshuangmin\desktop\worke_space\g-501\g-501\battery.c"
  27  0010  3400     E  	clr _Flag1[0].5
  28  0011              #line 28 "c:\users\longshuangmin\desktop\worke_space\g-501\g-501\battery.c"
  28  0011              	fcall _Measurement_Battery
  28  0018  0700     E  	mov a,ra
  28  0019  0080     E  	mov _M_BAT_Energy[0],a
  28  001A  0700     E  	mov a,rb
  28  001B  0080     E  	mov _M_BAT_Energy[1],a
  28  001C              _L2:
  36  001C              #line 36 "c:\users\longshuangmin\desktop\worke_space\g-501\g-501\battery.c"
  36  001C  0700     E  	mov a,_M_Task[0]
  36  001D  0080     E  	mov ra,a
  36  001E  1E00     E  	snz ra
  36  001F  2800     R  	jmp _L1
  36  0020  0700     E  	mov a,ra
  36  0021  0080     E  	mov rb,a
文件：battery.c    编译器版本 HGASM 0202 页次3

  36  0022  3400     E  	clr rb.3
  36  0023  0700     E  	mov a,rb
  36  0024  0A03        	sub a,3
  36  0025  3D0A        	sz z
  36  0026  2800     R  	jmp _L1
  36  0027  0700     E  	mov a,ra
  36  0028  0A09        	sub a,9
  36  0029  3D0A        	sz z
  36  002A  2800     R  	jmp _L1
  52  002B              #line 52 "c:\users\longshuangmin\desktop\worke_space\g-501\g-501\battery.c"
  52  002B  0F01        	mov a,1
  52  002C  C089 000E   	lmov [3721],a
  53  002E              #line 53 "c:\users\longshuangmin\desktop\worke_space\g-501\g-501\battery.c"
  53  002E  0700     E  	mov a,_M_BAT_Energy[0]
  53  002F  0080     E  	mov rb,a
  53  0030  0700     E  	mov a,_M_BAT_Energy[1]
  53  0031  0080     E  	mov rc,a
  53  0032  0F23        	mov a,35
  53  0033  0200     E  	sub a,rb
  53  0034  0F4A        	mov a,74
  53  0035  1200     E  	sbc a,rc
  53  0036  380A        	snz c
  53  0037  2800     R  	jmp _L5
  56  0038              #line 56 "c:\users\longshuangmin\desktop\worke_space\g-501\g-501\battery.c"
  56  0038  DF09 000E   	lclr [3721]
  57  003A              #line 57 "c:\users\longshuangmin\desktop\worke_space\g-501\g-501\battery.c"
  57  003A  0F17        	mov a,23
  57  003B  0200     E  	sub a,rb
  57  003C  0F47        	mov a,71
  57  003D  1200     E  	sbc a,rc
  57  003E  380A        	snz c
  57  003F  2800     R  	jmp _L5
  59  0040              #line 59 "c:\users\longshuangmin\desktop\worke_space\g-501\g-501\battery.c"
  59  0040  3000     E  	set _Flag1[0].5
  59  0041              _L5:
  82  0041              #line 82 "c:\users\longshuangmin\desktop\worke_space\g-501\g-501\battery.c"
  82  0041  C709 000E   	lmov a,[3721]
  82  0043  0080     E  	mov ra,a
  82  0044  0700     E  	mov a,ra
  82  0045              	fcall _Lcd_Bat
  82  004C              _L1:
  82  004C  0003        	ret
  82  004D              _BatteryCheckProcess endp
  82  004D              #line 82 "c:\users\longshuangmin\desktop\worke_space\g-501\g-501\battery.c"
  82  004D              #pragma debug scope 1 1
  82  004D              #pragma debug variable 8 1 _batlevel "batlevel" 1
  82  004D              
  82  004D              ; output external variables
  82  004D              extern _M_BAT_Energy:byte
  82  004D              extern _Flag1:byte
  82  004D              extern _Flag2:byte
  82  004D              extern _M_Task:byte
  82  004D              extern _Measurement_Battery:near
  82  004D              extern _Lcd_Bat:near
  82  004D              
  82  004D              ; 
  82  004D              ; Generated by holtek-gcc v3.19, Fri May 23 10:39:36 2025
  82  004D              ; Rebuild 718
  82  004D              ; end of file

文件：battery.c    编译器版本 HGASM 0202 页次4


        0 Errors, 0