文件：daco.c       编译器版本 HGASM 0202 页次1


   1  0000              ; Generated by holtek-gcc v3.19, Fri May 23 10:39:38 2025
   2  0000              ; 
   3  0000              ; Configuration:
   4  0000              ;       with long instruction
   5  0000              ;       Multi-ROM, Multi-RAM
   6  0000              ;       bits_per_rom_unit:16
   7  0000              ;       with mp1
   8  0000              ;       with tbhp, address(0x9)
   9  0000              ;          Use tabrd-const
  10  0000              ;       
  11  0000              ; SFR address of long-instruction arch:
  12  0000              ;    mp0 = -1,1,0
  13  0000              ;    mp1 = 4,3,2
  14  0000              ;    mp2 = 14,13,12
  15  0000              ;    tbp = 9,7,8
  16  0000              ;    acc = 5
  17  0000              ;    pcl = 6
  18  0000              ;    status = 10
  19  0000              ;    bp = 11
  20  0000              ;    intc = 32
  21  0000              ;       
  22  0000              ;       
  23  0000              ; use 'tabrdc' instead of 'tabrd'
  24  0000              ;       
  25  0000              
  26  0000              #pragma translator "holtek-gcc 4.6.4" "3.19" "build 20130711"
  27  0000              ; Rebuild 718
  28  0000              
  29  0000              ir equ [2]
  30  0000              mp equ [3]
  31  0000              sbp equ [4]
  32  0000              acc equ [5]
  33  0000              bp equ [11]
  34  0000              tblp equ [7]
  35  0000              tbhp equ [9]
  36  0000              status equ [10]
  37  0000              c equ [10].0
  38  0000              ac equ [10].1
  39  0000              z equ [10].2
  40  0000              ov equ [10].3
  41  0000              cz equ [10].6
  42  0000              sc equ [10].7
  43  0000              intc equ [32]
  44  0000              mduwr0 equ [59h]
  45  0000              mduwr1 equ [5ah]
  46  0000              mduwr2 equ [5bh]
  47  0000              mduwr3 equ [5ch]
  48  0000              mduwr4 equ [5dh]
  49  0000              mduwr5 equ [5eh]
  50  0000              mduwrctrl equ [5fh]
  51  0000              
  52  0000              extern ra:byte
  53  0000              extern rb:byte
  54  0000              extern rc:byte
  55  0000              extern rd:byte
  56  0000              extern re:byte
  57  0000              extern rf:byte
  58  0000              extern rg:byte
  59  0000              extern rh:byte
文件：daco.ASM     编译器版本 HGASM 0202 页次2

  60  0000              extern _Crom2Prom:near
  61  0000              extern _Crom2PromNext:near
  62  0000              
  63  0000              RAMBANK 0 @BITDATASEC, @BITDATASEC1
  64  0000              @HCCINIT	.section 'data'
  65  0000              @HCCINIT0	.section 'data'
  66  0000              @BITDATASEC	 .section 'data'
  67  0000              @BITDATASEC1	 .section 'data'
  68  0000              
  69  0000              #pragma debug scope 1 1
  70  0000              	extern __DELAY3:near
  71  0000              	extern __DELAYX3:near
  72  0000              	extern __DELAYX6:near
  73  0000              	extern __DELAYY5:near
  74  0000              	extern __DELAYY3:near
  75  0000              	extern _builtin_holtek_delay_2:byte
  76  0000              ___afeda1c equ [114]
  77  0000              ___afeda2c equ [117]
  78  0000              public _fun_DACnInit
  79  0000              #pragma debug scope 2 1

  37  0000              #line 37 "c:\users\longshuangmin\desktop\worke_space\g-501\g-501\daco.c"
  37  0000              _fun_DACnInit .section 'code'
  37  0000              _fun_DACnInit proc
  37  0000              public _fun_DACnInit_2
  37  0000  0003[           local _fun_DACnInit_2 db 3 dup(?)	; 2,1
            00
            ]
  37  0000  0080     E  	mov ra,a
  37  0001  0080     R  	mov _fun_DACnInit_2[2],a
  37  0002              #pragma debug variable 8 2 _fun_DACnInit_2+2 "DACn"
  37  0002              #pragma debug variable 12 2 _fun_DACnInit_2+0 "PowerOnOff"
  42  0002              #line 42 "c:\users\longshuangmin\desktop\worke_space\g-501\g-501\daco.c"
  42  0002  1700     E  	sdza ra
  42  0003  2800     R  	jmp _L2
  44  0004              #line 44 "c:\users\longshuangmin\desktop\worke_space\g-501\g-501\daco.c"
  44  0004  0700     R  	mov a,_fun_DACnInit_2[0]
  44  0005  0C01        	xor a,1
  44  0006  0500     R  	or a,_fun_DACnInit_2[1]
  44  0007  390A        	snz z
  44  0008  2800     R  	jmp _L3
  46  0009              #line 46 "c:\users\longshuangmin\desktop\worke_space\g-501\g-501\daco.c"
  46  0009  0F01        	mov a,1
  46  000A  00F2        	mov [114],a
  46  000B  2800     R  	jmp _L1
  46  000C              _L3:
  48  000C              #line 48 "c:\users\longshuangmin\desktop\worke_space\g-501\g-501\daco.c"
  48  000C  0700     R  	mov a,_fun_DACnInit_2[0]
  48  000D  0500     R  	or a,_fun_DACnInit_2[1]
  48  000E  390A        	snz z
  48  000F  2800     R  	jmp _L5
  50  0010              #line 50 "c:\users\longshuangmin\desktop\worke_space\g-501\g-501\daco.c"
  50  0010  1F72        	clr [114]
  50  0011  2800     R  	jmp _L1
  50  0012              _L5:
  52  0012              #line 52 "c:\users\longshuangmin\desktop\worke_space\g-501\g-501\daco.c"
  52  0012  0700     R  	mov a,_fun_DACnInit_2[0]
  52  0013  0C02        	xor a,2
  52  0014  0500     R  	or a,_fun_DACnInit_2[1]
  52  0015  390A        	snz z
文件：daco.c       编译器版本 HGASM 0202 页次3

  52  0016  2800     R  	jmp _L1
  54  0017              #line 54 "c:\users\longshuangmin\desktop\worke_space\g-501\g-501\daco.c"
  54  0017  0F02        	mov a,2
  54  0018  00F2        	mov [114],a
  54  0019  2800     R  	jmp _L1
  54  001A              _L2:
  58  001A              #line 58 "c:\users\longshuangmin\desktop\worke_space\g-501\g-501\daco.c"
  58  001A  0700     R  	mov a,_fun_DACnInit_2[2]
  58  001B  0A02        	sub a,2
  58  001C  390A        	snz z
  58  001D  2800     R  	jmp _L1
  60  001E              #line 60 "c:\users\longshuangmin\desktop\worke_space\g-501\g-501\daco.c"
  60  001E  0700     R  	mov a,_fun_DACnInit_2[0]
  60  001F  0C01        	xor a,1
  60  0020  0500     R  	or a,_fun_DACnInit_2[1]
  60  0021  390A        	snz z
  60  0022  2800     R  	jmp _L7
  62  0023              #line 62 "c:\users\longshuangmin\desktop\worke_space\g-501\g-501\daco.c"
  62  0023  0F01        	mov a,1
  62  0024  00F5        	mov [117],a
  62  0025  2800     R  	jmp _L1
  62  0026              _L7:
  64  0026              #line 64 "c:\users\longshuangmin\desktop\worke_space\g-501\g-501\daco.c"
  64  0026  0700     R  	mov a,_fun_DACnInit_2[0]
  64  0027  0500     R  	or a,_fun_DACnInit_2[1]
  64  0028  390A        	snz z
  64  0029  2800     R  	jmp _L8
  66  002A              #line 66 "c:\users\longshuangmin\desktop\worke_space\g-501\g-501\daco.c"
  66  002A  1F75        	clr [117]
  66  002B  2800     R  	jmp _L1
  66  002C              _L8:
  68  002C              #line 68 "c:\users\longshuangmin\desktop\worke_space\g-501\g-501\daco.c"
  68  002C  0700     R  	mov a,_fun_DACnInit_2[0]
  68  002D  0C02        	xor a,2
  68  002E  0500     R  	or a,_fun_DACnInit_2[1]
  68  002F  390A        	snz z
  68  0030  2800     R  	jmp _L1
  70  0031              #line 70 "c:\users\longshuangmin\desktop\worke_space\g-501\g-501\daco.c"
  70  0031  0F02        	mov a,2
  70  0032  00F5        	mov [117],a
  70  0033              _L1:
  70  0033  0003        	ret
  70  0034              _fun_DACnInit endp
  70  0034              #line 70 "c:\users\longshuangmin\desktop\worke_space\g-501\g-501\daco.c"
  70  0034              #pragma debug scope 1 1
  70  0034              _Calibration equ [3744]
  70  0034              ___pvref equ [108]
  70  0034              ___afeda1l equ [115]
  70  0034              ___afeda1h equ [116]
  70  0034              public _Load_VrefDaco_Vaule
  70  0034              #pragma debug scope 3 1
  77  0034              #line 77 "c:\users\longshuangmin\desktop\worke_space\g-501\g-501\daco.c"
  77  0000              _Load_VrefDaco_Vaule .section 'code'
  77  0000              _Load_VrefDaco_Vaule proc
  77  0000  0005[           local _Load_VrefDaco_Vaule_2 db 5 dup(?)	; 0,5
            00
            ]
  77  0005              #pragma debug variable 12 3 _Load_VrefDaco_Vaule_2+2 "checksum"
  77  0005              #pragma debug variable 12 3 _Load_VrefDaco_Vaule_2+0 "Ibuf0"
  82  0005              #line 82 "c:\users\longshuangmin\desktop\worke_space\g-501\g-501\daco.c"
文件：daco.c       编译器版本 HGASM 0202 页次4

  82  0000  0F18        	mov a,24
  82  0001  0080     E  	mov _Read_EEPROMBuf_2[2],a
  82  0002  0FA0        	mov a,low offset _Calibration
  82  0003  0080     E  	mov _Read_EEPROMBuf_2[0],a
  82  0004  0F0E        	mov a,high offset _Calibration
  82  0005  0080     E  	mov _Read_EEPROMBuf_2[1],a
  82  0006  0F00        	mov a,0
  82  0007              	fcall _Read_EEPROMBuf
  83  000E              #line 83 "c:\users\longshuangmin\desktop\worke_space\g-501\g-501\daco.c"
  83  000E  1F00     R  	clr _Load_VrefDaco_Vaule_2[2]
  83  000F  1F00     R  	clr _Load_VrefDaco_Vaule_2[3]
  83  0010  0F16        	mov a,22
  83  0011  0080     R  	mov _Load_VrefDaco_Vaule_2[4],a
  84  0012              #line 84 "c:\users\longshuangmin\desktop\worke_space\g-501\g-501\daco.c"
  84  0012  1F00     E  	clr ra
  84  0013              _L12:
  86  0013              #line 86 "c:\users\longshuangmin\desktop\worke_space\g-501\g-501\daco.c"
  86  0013  0FA0        	mov a,low offset _Calibration
  86  0014  0300     E  	add a,ra
  86  0015  0083        	mov mp,a
  86  0016  0F0E        	mov a,high offset _Calibration
  86  0017  1F04        	clr sbp
  86  0018  1384        	adcm a,sbp
  86  0019              	fcall _Crom2Prom
  86  0020  0080     E  	mov rb,a
  86  0021  0700     E  	mov a,rb
  86  0022  0380     R  	addm a,_Load_VrefDaco_Vaule_2[2]
  86  0023  3C0A        	sz c
  86  0024  1480     R  	inc _Load_VrefDaco_Vaule_2[3]
  84  0025              #line 84 "c:\users\longshuangmin\desktop\worke_space\g-501\g-501\daco.c"
  84  0025  1480     E  	inc ra
  84  0026  1780     R  	sdz _Load_VrefDaco_Vaule_2[4]
  84  0027  2800     R  	jmp _L12
  88  0028              #line 88 "c:\users\longshuangmin\desktop\worke_space\g-501\g-501\daco.c"
  88  0028  0700     R  	mov a,_Load_VrefDaco_Vaule_2[2]
  88  0029  C236 000E   	lsub a,[3766]
  88  002B  0700     R  	mov a,_Load_VrefDaco_Vaule_2[3]
  88  002C  D237 000E   	lsbc a,[3767]
  88  002E  3B0A        	snz cz
  88  002F  2800     R  	jmp _L13
  88  0030  0700     R  	mov a,_Load_VrefDaco_Vaule_2[2]
  88  0031  0500     R  	or a,_Load_VrefDaco_Vaule_2[3]
  88  0032  3D0A        	sz z
  88  0033  2800     R  	jmp _L13
  90  0034              #line 90 "c:\users\longshuangmin\desktop\worke_space\g-501\g-501\daco.c"
  90  0034  C729 000E   	lmov a,[3753]
  90  0036  00EC        	mov [108],a
  92  0037              #line 92 "c:\users\longshuangmin\desktop\worke_space\g-501\g-501\daco.c"
  92  0037  D12B 000E   	lswapa [3755]
  92  0039  0EF0        	and a,0f0h
  92  003A  0080     R  	mov _Load_VrefDaco_Vaule_2[1],a
  92  003B  D12A 000E   	lswapa [3754]
  92  003D  0E0F        	and a,0fh
  92  003E  0580     R  	orm a,_Load_VrefDaco_Vaule_2[1]
  92  003F  D12A 000E   	lswapa [3754]
  92  0041  0EF0        	and a,0f0h
  92  0042  0080     R  	mov _Load_VrefDaco_Vaule_2[0],a
  93  0043              #line 93 "c:\users\longshuangmin\desktop\worke_space\g-501\g-501\daco.c"
  93  0043  0700     R  	mov a,_Load_VrefDaco_Vaule_2[0]
  93  0044  0080     E  	mov rb,a
文件：daco.c       编译器版本 HGASM 0202 页次5

  93  0045  0700     R  	mov a,_Load_VrefDaco_Vaule_2[1]
  93  0046  0080     E  	mov rc,a
  93  0047  0700     E  	mov a,rb
  93  0048  00F3        	mov [115],a
  94  0049              #line 94 "c:\users\longshuangmin\desktop\worke_space\g-501\g-501\daco.c"
  94  0049  0700     R  	mov a,_Load_VrefDaco_Vaule_2[0]
  94  004A  0080     E  	mov rb,a
  94  004B  0700     R  	mov a,_Load_VrefDaco_Vaule_2[1]
  94  004C  0080     E  	mov rc,a
  94  004D  0700     E  	mov a,rc
  94  004E  00F4        	mov [116],a
  97  004F              #line 97 "c:\users\longshuangmin\desktop\worke_space\g-501\g-501\daco.c"
  97  004F  2800     R  	jmp _L14
  97  0050              _L13:
 102  0050              #line 102 "c:\users\longshuangmin\desktop\worke_space\g-501\g-501\daco.c"
 102  0050  0F18        	mov a,24
 102  0051  0080     E  	mov _Read_EEPROMBuf_2[2],a
 102  0052  0FA0        	mov a,low offset _Calibration
 102  0053  0080     E  	mov _Read_EEPROMBuf_2[0],a
 102  0054  0F0E        	mov a,high offset _Calibration
 102  0055  0080     E  	mov _Read_EEPROMBuf_2[1],a
 102  0056  0F20        	mov a,32
 102  0057              	fcall _Read_EEPROMBuf
 103  005E              #line 103 "c:\users\longshuangmin\desktop\worke_space\g-501\g-501\daco.c"
 103  005E  1F00     R  	clr _Load_VrefDaco_Vaule_2[2]
 103  005F  1F00     R  	clr _Load_VrefDaco_Vaule_2[3]
 103  0060  0F16        	mov a,22
 103  0061  0080     R  	mov _Load_VrefDaco_Vaule_2[4],a
 104  0062              #line 104 "c:\users\longshuangmin\desktop\worke_space\g-501\g-501\daco.c"
 104  0062  1F00     E  	clr ra
 104  0063              _L16:
 106  0063              #line 106 "c:\users\longshuangmin\desktop\worke_space\g-501\g-501\daco.c"
 106  0063  0FA0        	mov a,low offset _Calibration
 106  0064  0300     E  	add a,ra
 106  0065  0083        	mov mp,a
 106  0066  0F0E        	mov a,high offset _Calibration
 106  0067  1F04        	clr sbp
 106  0068  1384        	adcm a,sbp
 106  0069              	fcall _Crom2Prom
 106  0070  0080     E  	mov rb,a
 106  0071  0700     E  	mov a,rb
 106  0072  0380     R  	addm a,_Load_VrefDaco_Vaule_2[2]
 106  0073  3C0A        	sz c
 106  0074  1480     R  	inc _Load_VrefDaco_Vaule_2[3]
 104  0075              #line 104 "c:\users\longshuangmin\desktop\worke_space\g-501\g-501\daco.c"
 104  0075  1480     E  	inc ra
 104  0076  1780     R  	sdz _Load_VrefDaco_Vaule_2[4]
 104  0077  2800     R  	jmp _L16
 108  0078              #line 108 "c:\users\longshuangmin\desktop\worke_space\g-501\g-501\daco.c"
 108  0078  0700     R  	mov a,_Load_VrefDaco_Vaule_2[2]
 108  0079  C236 000E   	lsub a,[3766]
 108  007B  0700     R  	mov a,_Load_VrefDaco_Vaule_2[3]
 108  007C  D237 000E   	lsbc a,[3767]
 108  007E  3B0A        	snz cz
 108  007F  2800     R  	jmp _L17
 108  0080  0700     R  	mov a,_Load_VrefDaco_Vaule_2[2]
 108  0081  0500     R  	or a,_Load_VrefDaco_Vaule_2[3]
 108  0082  3D0A        	sz z
 108  0083  2800     R  	jmp _L17
 110  0084              #line 110 "c:\users\longshuangmin\desktop\worke_space\g-501\g-501\daco.c"
文件：daco.c       编译器版本 HGASM 0202 页次6

 110  0084  C729 000E   	lmov a,[3753]
 110  0086  00EC        	mov [108],a
 111  0087              #line 111 "c:\users\longshuangmin\desktop\worke_space\g-501\g-501\daco.c"
 111  0087  D12B 000E   	lswapa [3755]
 111  0089  0EF0        	and a,0f0h
 111  008A  0080     R  	mov _Load_VrefDaco_Vaule_2[1],a
 111  008B  D12A 000E   	lswapa [3754]
 111  008D  0E0F        	and a,0fh
 111  008E  0580     R  	orm a,_Load_VrefDaco_Vaule_2[1]
 111  008F  D12A 000E   	lswapa [3754]
 111  0091  0EF0        	and a,0f0h
 111  0092  0080     R  	mov _Load_VrefDaco_Vaule_2[0],a
 112  0093              #line 112 "c:\users\longshuangmin\desktop\worke_space\g-501\g-501\daco.c"
 112  0093  0700     R  	mov a,_Load_VrefDaco_Vaule_2[0]
 112  0094  0080     E  	mov rb,a
 112  0095  0700     R  	mov a,_Load_VrefDaco_Vaule_2[1]
 112  0096  0080     E  	mov rc,a
 112  0097  0700     E  	mov a,rb
 112  0098  00F3        	mov [115],a
 113  0099              #line 113 "c:\users\longshuangmin\desktop\worke_space\g-501\g-501\daco.c"
 113  0099  0700     R  	mov a,_Load_VrefDaco_Vaule_2[0]
 113  009A  0080     E  	mov rb,a
 113  009B  0700     R  	mov a,_Load_VrefDaco_Vaule_2[1]
 113  009C  0080     E  	mov rc,a
 113  009D  0700     E  	mov a,rc
 113  009E  00F4        	mov [116],a
 114  009F              #line 114 "c:\users\longshuangmin\desktop\worke_space\g-501\g-501\daco.c"
 114  009F  0F18        	mov a,24
 114  00A0  0080     E  	mov _Write_EEPROMBuf_2[2],a
 114  00A1  0FA0        	mov a,low offset _Calibration
 114  00A2  0080     E  	mov _Write_EEPROMBuf_2[0],a
 114  00A3  0F0E        	mov a,high offset _Calibration
 114  00A4  0080     E  	mov _Write_EEPROMBuf_2[1],a
 114  00A5  0F00        	mov a,0
 114  00A6              	fcall _Write_EEPROMBuf
 115  00AD              #line 115 "c:\users\longshuangmin\desktop\worke_space\g-501\g-501\daco.c"
 115  00AD  2800     R  	jmp _L14
 115  00AE              _L17:
 119  00AE              #line 119 "c:\users\longshuangmin\desktop\worke_space\g-501\g-501\daco.c"
 119  00AE  0FEE        	mov a,238
 119  00AF  00EC        	mov [108],a
 121  00B0              #line 121 "c:\users\longshuangmin\desktop\worke_space\g-501\g-501\daco.c"
 121  00B0  0FB0        	mov a,176
 121  00B1  00F3        	mov [115],a
 122  00B2              #line 122 "c:\users\longshuangmin\desktop\worke_space\g-501\g-501\daco.c"
 122  00B2  0F32        	mov a,50
 122  00B3  00F4        	mov [116],a
 123  00B4              #line 123 "c:\users\longshuangmin\desktop\worke_space\g-501\g-501\daco.c"
 123  00B4  0F01        	mov a,1
 123  00B5  0080     R  	mov _Load_VrefDaco_Vaule_2[4],a
 123  00B6              _L14:
 132  00B6              #line 132 "c:\users\longshuangmin\desktop\worke_space\g-501\g-501\daco.c"
 132  00B6  0700     R  	mov a,_Load_VrefDaco_Vaule_2[4]
 132  00B7  0003        	ret
 132  00B8              _Load_VrefDaco_Vaule endp
 132  00B8              #line 132 "c:\users\longshuangmin\desktop\worke_space\g-501\g-501\daco.c"
 132  00B8              #pragma debug scope 1 1
 132  00B8              #pragma debug variable 8 1 ___pvref "__pvref" 1
 132  00B8              #pragma debug struct_end
 132  00B8              #pragma debug struct_end
文件：daco.c       编译器版本 HGASM 0202 页次7

 132  00B8              #pragma debug union_end
 132  00B8              #pragma debug union_end
 132  00B8              #pragma debug variable 43 1 ___afeda1c "__afeda1c" 1
 132  00B8              #pragma debug variable 8 1 ___afeda1l "__afeda1l" 1
 132  00B8              #pragma debug variable 8 1 ___afeda1h "__afeda1h" 1
 132  00B8              #pragma debug struct_end
 132  00B8              #pragma debug struct_end
 132  00B8              #pragma debug union_end
 132  00B8              #pragma debug union_end
 132  00B8              #pragma debug variable 45 1 ___afeda2c "__afeda2c" 1
 132  00B8              #pragma debug struct_end
 132  00B8              #pragma debug struct_end
 132  00B8              #pragma debug union_end
 132  00B8              #pragma debug union_end
 132  00B8              #pragma debug variable 47 1 _Calibration "Calibration" 24
 132  00B8              extern _Read_EEPROMBuf_2:byte
 132  00B8              extern _Read_EEPROMBuf:near
 132  00B8              extern _Write_EEPROMBuf_2:byte
 132  00B8              extern _Write_EEPROMBuf:near
 132  00B8              
 132  00B8              ; 
 132  00B8              ; Generated by holtek-gcc v3.19, Fri May 23 10:39:38 2025
 132  00B8              ; Rebuild 718
 132  00B8              ; end of file


        0 Errors, 0