文件：dacvref.c    编译器版本 HGASM 0202 页次1


   1  0000              ; Generated by holtek-gcc v3.19, Fri May 23 10:39:38 2025
   2  0000              ; 
   3  0000              ; Configuration:
   4  0000              ;       with long instruction
   5  0000              ;       Multi-ROM, Multi-RAM
   6  0000              ;       bits_per_rom_unit:16
   7  0000              ;       with mp1
   8  0000              ;       with tbhp, address(0x9)
   9  0000              ;          Use tabrd-const
  10  0000              ;       
  11  0000              ; SFR address of long-instruction arch:
  12  0000              ;    mp0 = -1,1,0
  13  0000              ;    mp1 = 4,3,2
  14  0000              ;    mp2 = 14,13,12
  15  0000              ;    tbp = 9,7,8
  16  0000              ;    acc = 5
  17  0000              ;    pcl = 6
  18  0000              ;    status = 10
  19  0000              ;    bp = 11
  20  0000              ;    intc = 32
  21  0000              ;       
  22  0000              ;       
  23  0000              ; use 'tabrdc' instead of 'tabrd'
  24  0000              ;       
  25  0000              
  26  0000              #pragma translator "holtek-gcc 4.6.4" "3.19" "build 20130711"
  27  0000              ; Rebuild 718
  28  0000              
  29  0000              ir equ [2]
  30  0000              mp equ [3]
  31  0000              sbp equ [4]
  32  0000              acc equ [5]
  33  0000              bp equ [11]
  34  0000              tblp equ [7]
  35  0000              tbhp equ [9]
  36  0000              status equ [10]
  37  0000              c equ [10].0
  38  0000              ac equ [10].1
  39  0000              z equ [10].2
  40  0000              ov equ [10].3
  41  0000              cz equ [10].6
  42  0000              sc equ [10].7
  43  0000              intc equ [32]
  44  0000              mduwr0 equ [59h]
  45  0000              mduwr1 equ [5ah]
  46  0000              mduwr2 equ [5bh]
  47  0000              mduwr3 equ [5ch]
  48  0000              mduwr4 equ [5dh]
  49  0000              mduwr5 equ [5eh]
  50  0000              mduwrctrl equ [5fh]
  51  0000              
  52  0000              extern ra:byte
  53  0000              extern rb:byte
  54  0000              extern rc:byte
  55  0000              extern rd:byte
  56  0000              extern re:byte
  57  0000              extern rf:byte
  58  0000              extern rg:byte
  59  0000              extern rh:byte
文件：dacvref.ASM  编译器版本 HGASM 0202 页次2

  60  0000              extern _Crom2Prom:near
  61  0000              extern _Crom2PromNext:near
  62  0000              
  63  0000              RAMBANK 0 @BITDATASEC, @BITDATASEC1
  64  0000              @HCCINIT	.section 'data'
  65  0000              @HCCINIT0	.section 'data'
  66  0000              @BITDATASEC	 .section 'data'
  67  0000              @BITDATASEC1	 .section 'data'
  68  0000              
  69  0000              #pragma debug scope 1 1
  70  0000              	extern __DELAY3:near
  71  0000              	extern __DELAYX3:near
  72  0000              	extern __DELAYX6:near
  73  0000              	extern __DELAYY5:near
  74  0000              	extern __DELAYY3:near
  75  0000              	extern _builtin_holtek_delay_2:byte
  76  0000              ___irefc equ [107]
  77  0000              public _fun_DACVREFInit
  78  0000              #pragma debug scope 2 1

  14  0000              #line 14 "c:\users\longshuangmin\desktop\worke_space\g-501\g-501\dacvref.c"
  14  0000              _fun_DACVREFInit .section 'code'
  14  0000              _fun_DACVREFInit proc
  14  0000              public _fun_DACVREFInit_2
  14  0000  0002[           local _fun_DACVREFInit_2 db 2 dup(?)	; 2,0
            00
            ]
  14  0002              #pragma debug variable 12 2 _fun_DACVREFInit_2+0 "PowerOnoff"
  15  0002              #line 15 "c:\users\longshuangmin\desktop\worke_space\g-501\g-501\dacvref.c"
  15  0000  0700     R  	mov a,_fun_DACVREFInit_2[0]
  15  0001  0C01        	xor a,1
  15  0002  0500     R  	or a,_fun_DACVREFInit_2[1]
  15  0003  390A        	snz z
  15  0004  2800     R  	jmp _L2
  17  0005              #line 17 "c:\users\longshuangmin\desktop\worke_space\g-501\g-501\dacvref.c"
  17  0005  1F6B        	clr [107]
  18  0006              #line 18 "c:\users\longshuangmin\desktop\worke_space\g-501\g-501\dacvref.c"
  18  0006  326B        	set [107].4
  18  0007  2800     R  	jmp _L1
  18  0008              _L2:
  22  0008              #line 22 "c:\users\longshuangmin\desktop\worke_space\g-501\g-501\dacvref.c"
  22  0008  366B        	clr [107].4
  22  0009              _L1:
  22  0009  0003        	ret
  22  000A              _fun_DACVREFInit endp
  22  000A              #line 22 "c:\users\longshuangmin\desktop\worke_space\g-501\g-501\dacvref.c"
  22  000A              #pragma debug scope 1 1
  22  000A              #pragma debug struct_end
  22  000A              #pragma debug struct_end
  22  000A              #pragma debug union_end
  22  000A              #pragma debug union_end
  22  000A              #pragma debug variable 43 1 ___irefc "__irefc" 1
  22  000A              
  22  000A              ; 
  22  000A              ; Generated by holtek-gcc v3.19, Fri May 23 10:39:38 2025
  22  000A              ; Rebuild 718
  22  000A              ; end of file


        0 Errors, 0