文件：gsm.c        编译器版本 HGASM 0202 页次1


   1  0000              ; Generated by holtek-gcc v3.19, Fri May 23 10:39:50 2025
   2  0000              ; 
   3  0000              ; Configuration:
   4  0000              ;       with long instruction
   5  0000              ;       Multi-ROM, Multi-RAM
   6  0000              ;       bits_per_rom_unit:16
   7  0000              ;       with mp1
   8  0000              ;       with tbhp, address(0x9)
   9  0000              ;          Use tabrd-const
  10  0000              ;       
  11  0000              ; SFR address of long-instruction arch:
  12  0000              ;    mp0 = -1,1,0
  13  0000              ;    mp1 = 4,3,2
  14  0000              ;    mp2 = 14,13,12
  15  0000              ;    tbp = 9,7,8
  16  0000              ;    acc = 5
  17  0000              ;    pcl = 6
  18  0000              ;    status = 10
  19  0000              ;    bp = 11
  20  0000              ;    intc = 32
  21  0000              ;       
  22  0000              ;       
  23  0000              ; use 'tabrdc' instead of 'tabrd'
  24  0000              ;       
  25  0000              
  26  0000              #pragma translator "holtek-gcc 4.6.4" "3.19" "build 20130711"
  27  0000              ; Rebuild 718
  28  0000              
  29  0000              ir equ [2]
  30  0000              mp equ [3]
  31  0000              sbp equ [4]
  32  0000              acc equ [5]
  33  0000              bp equ [11]
  34  0000              tblp equ [7]
  35  0000              tbhp equ [9]
  36  0000              status equ [10]
  37  0000              c equ [10].0
  38  0000              ac equ [10].1
  39  0000              z equ [10].2
  40  0000              ov equ [10].3
  41  0000              cz equ [10].6
  42  0000              sc equ [10].7
  43  0000              intc equ [32]
  44  0000              mduwr0 equ [59h]
  45  0000              mduwr1 equ [5ah]
  46  0000              mduwr2 equ [5bh]
  47  0000              mduwr3 equ [5ch]
  48  0000              mduwr4 equ [5dh]
  49  0000              mduwr5 equ [5eh]
  50  0000              mduwrctrl equ [5fh]
  51  0000              
  52  0000              extern ra:byte
  53  0000              extern rb:byte
  54  0000              extern rc:byte
  55  0000              extern rd:byte
  56  0000              extern re:byte
  57  0000              extern rf:byte
  58  0000              extern rg:byte
  59  0000              extern rh:byte
文件：gsm.ASM      编译器版本 HGASM 0202 页次2

  60  0000              extern _Crom2Prom:near
  61  0000              extern _Crom2PromNext:near
  62  0000              
  63  0000              RAMBANK 0 @BITDATASEC, @BITDATASEC1
  64  0000              @HCCINIT	.section 'data'
  65  0000              @HCCINIT0	.section 'data'
  66  0000              @BITDATASEC	 .section 'data'
  67  0000              @BITDATASEC1	 .section 'data'
  68  0000              
  69  0000              #pragma debug scope 1 1
  70  0000              	extern __DELAY3:near
  71  0000              	extern __DELAYX3:near
  72  0000              	extern __DELAYX6:near
  73  0000              	extern __DELAYY5:near
  74  0000              	extern __DELAYY3:near
  75  0000              	extern _builtin_holtek_delay_2:byte
  76  0000              ___intc0 equ [32]
  77  0000              _gsm_loop equ [4000]
  78  0000              _M_UART_RxFIFO equ [7808]
  79  0000              public _goto_next_case
  80  0000              #pragma debug scope 2 1

1226  0000              #line 1226 "c:\users\longshuangmin\desktop\worke_space\g-501\g-501\gsm.c"
1226  0000              _goto_next_case .section 'code'
1226  0000              _goto_next_case proc
1227  0000              #line 1227 "c:\users\longshuangmin\desktop\worke_space\g-501\g-501\gsm.c"
1227  0000  3420        	clr [32].0
1228  0001              #line 1228 "c:\users\longshuangmin\desktop\worke_space\g-501\g-501\gsm.c"
1228  0001  1F00     E  	clr _M_RTC_display[0]
1228  0002  1F00     E  	clr _M_RTC_display[1]
1229  0003              #line 1229 "c:\users\longshuangmin\desktop\worke_space\g-501\g-501\gsm.c"
1229  0003  DF20 000F   	lclr [4000]
1229  0005  DF21 000F   	lclr [4001]
1230  0007              #line 1230 "c:\users\longshuangmin\desktop\worke_space\g-501\g-501\gsm.c"
1230  0007  0F80        	mov a,-128
1230  0008  0080     E  	mov _memset_2[4],a
1230  0009  1F00     E  	clr _memset_2[5]
1230  000A  1F00     E  	clr _memset_2[2]
1230  000B  1F00     E  	clr _memset_2[3]
1230  000C  0F80        	mov a,low offset _M_UART_RxFIFO
1230  000D  0080     E  	mov _memset_2[0],a
1230  000E  0F1E        	mov a,high offset _M_UART_RxFIFO
1230  000F  0080     E  	mov _memset_2[1],a
1230  0010              	fcall _memset
1231  0017              #line 1231 "c:\users\longshuangmin\desktop\worke_space\g-501\g-501\gsm.c"
1231  0017  1480     E  	inc _M_TaskBuf1[0]
1232  0018              #line 1232 "c:\users\longshuangmin\desktop\worke_space\g-501\g-501\gsm.c"
1232  0018  1F00     E  	clr _M_UART_RxIndex[0]
1233  0019              #line 1233 "c:\users\longshuangmin\desktop\worke_space\g-501\g-501\gsm.c"
1233  0019  3020        	set [32].0
1233  001A  0003        	ret
1233  001B              _goto_next_case endp
1233  001B              #line 1233 "c:\users\longshuangmin\desktop\worke_space\g-501\g-501\gsm.c"
1233  001B              #pragma debug scope 1 1
1233  001B              public _starting_gsm
1233  001B              #pragma debug scope 3 1
1236  001B              #line 1236 "c:\users\longshuangmin\desktop\worke_space\g-501\g-501\gsm.c"
1236  0000              _starting_gsm .section 'code'
1236  0000              _starting_gsm proc
1238  0000              #line 1238 "c:\users\longshuangmin\desktop\worke_space\g-501\g-501\gsm.c"
文件：gsm.c        编译器版本 HGASM 0202 页次3

1238  0000  0F00        	mov a,0
1238  0001  0003        	ret
1238  0002              _starting_gsm endp
1238  0002              #line 1238 "c:\users\longshuangmin\desktop\worke_space\g-501\g-501\gsm.c"
1238  0002              #pragma debug scope 1 1
1238  0002              public _send_gsm_data
1238  0002              #pragma debug scope 4 1
1241  0002              #line 1241 "c:\users\longshuangmin\desktop\worke_space\g-501\g-501\gsm.c"
1241  0000              _send_gsm_data .section 'code'
1241  0000              _send_gsm_data proc
1243  0000              #line 1243 "c:\users\longshuangmin\desktop\worke_space\g-501\g-501\gsm.c"
1243  0000  0F00        	mov a,0
1243  0001  0003        	ret
1243  0002              _send_gsm_data endp
1243  0002              #line 1243 "c:\users\longshuangmin\desktop\worke_space\g-501\g-501\gsm.c"
1243  0002              #pragma debug scope 1 1
1243  0002              public _setRssi
1243  0002              #pragma debug scope 5 1
1246  0002              #line 1246 "c:\users\longshuangmin\desktop\worke_space\g-501\g-501\gsm.c"
1246  0000              _setRssi .section 'code'
1246  0000              _setRssi proc
1246  0000  0003        	ret
1246  0001              _setRssi endp
1246  0001              #line 1246 "c:\users\longshuangmin\desktop\worke_space\g-501\g-501\gsm.c"
1246  0001              #pragma debug scope 1 1
1246  0001              #pragma debug struct_end
1246  0001              #pragma debug struct_end
1246  0001              #pragma debug union_end
1246  0001              #pragma debug union_end
1246  0001              #pragma debug variable 43 1 ___intc0 "__intc0" 1
1246  0001              #pragma debug array 44 8 128 1
1246  0001              #pragma debug array 44 8 128 1
1246  0001              #pragma debug variable 44 1 _M_UART_RxFIFO "M_UART_RxFIFO" 128
1246  0001              #pragma debug variable 11 1 _gsm_loop "gsm_loop" 2
1246  0001              
1246  0001              ; output external variables
1246  0001              extern _M_UART_RxIndex:byte
1246  0001              extern _M_TaskBuf1:byte
1246  0001              extern _M_RTC_display:byte
1246  0001              extern _memset_2:byte
1246  0001              extern _memset:near
1246  0001              
1246  0001              ; 
1246  0001              ; Generated by holtek-gcc v3.19, Fri May 23 10:39:50 2025
1246  0001              ; Rebuild 718
1246  0001              ; end of file


        0 Errors, 0