文件：lcd2.c       编译器版本 HGASM 0202 页次1


   1  0000              ; Generated by holtek-gcc v3.19, Fri May 23 10:39:49 2025
   2  0000              ; 
   3  0000              ; Configuration:
   4  0000              ;       with long instruction
   5  0000              ;       Multi-ROM, Multi-RAM
   6  0000              ;       bits_per_rom_unit:16
   7  0000              ;       with mp1
   8  0000              ;       with tbhp, address(0x9)
   9  0000              ;          Use tabrd-const
  10  0000              ;       
  11  0000              ; SFR address of long-instruction arch:
  12  0000              ;    mp0 = -1,1,0
  13  0000              ;    mp1 = 4,3,2
  14  0000              ;    mp2 = 14,13,12
  15  0000              ;    tbp = 9,7,8
  16  0000              ;    acc = 5
  17  0000              ;    pcl = 6
  18  0000              ;    status = 10
  19  0000              ;    bp = 11
  20  0000              ;    intc = 32
  21  0000              ;       
  22  0000              ;       
  23  0000              ; use 'tabrdc' instead of 'tabrd'
  24  0000              ;       
  25  0000              
  26  0000              #pragma translator "holtek-gcc 4.6.4" "3.19" "build 20130711"
  27  0000              ; Rebuild 718
  28  0000              
  29  0000              ir equ [2]
  30  0000              mp equ [3]
  31  0000              sbp equ [4]
  32  0000              acc equ [5]
  33  0000              bp equ [11]
  34  0000              tblp equ [7]
  35  0000              tbhp equ [9]
  36  0000              status equ [10]
  37  0000              c equ [10].0
  38  0000              ac equ [10].1
  39  0000              z equ [10].2
  40  0000              ov equ [10].3
  41  0000              cz equ [10].6
  42  0000              sc equ [10].7
  43  0000              intc equ [32]
  44  0000              mduwr0 equ [59h]
  45  0000              mduwr1 equ [5ah]
  46  0000              mduwr2 equ [5bh]
  47  0000              mduwr3 equ [5ch]
  48  0000              mduwr4 equ [5dh]
  49  0000              mduwr5 equ [5eh]
  50  0000              mduwrctrl equ [5fh]
  51  0000              
  52  0000              extern ra:byte
  53  0000              extern rb:byte
  54  0000              extern rc:byte
  55  0000              extern rd:byte
  56  0000              extern re:byte
  57  0000              extern rf:byte
  58  0000              extern rg:byte
  59  0000              extern rh:byte
文件：lcd2.ASM     编译器版本 HGASM 0202 页次2

  60  0000              extern _Crom2Prom:near
  61  0000              extern _Crom2PromNext:near
  62  0000              
  63  0000              RAMBANK 0 @BITDATASEC, @BITDATASEC1
  64  0000              @HCCINIT	.section 'data'
  65  0000              @HCCINIT0	.section 'data'
  66  0000              @BITDATASEC	 .section 'data'
  67  0000              @BITDATASEC1	 .section 'data'
  68  0000              
  69  0000              #pragma debug scope 1 1
  70  0000              	extern __DELAY3:near
  71  0000              	extern __DELAYX3:near
  72  0000              	extern __DELAYX6:near
  73  0000              	extern __DELAYY5:near
  74  0000              	extern __DELAYY3:near
  75  0000              	extern _builtin_holtek_delay_2:byte
  76  0000              public _dis_nub1
  77  0000              #pragma debug scope 2 1

 119  0000              #line 119 "c:\users\longshuangmin\desktop\worke_space\g-501\g-501\lcd2.c"
 119  0000              _dis_nub1 .section 'code'
 119  0000              _dis_nub1 proc
 119  0000  00              local _dis_nub1_2 db 1 dup(?)	; 0,1
 119  0000  0080     E  	mov ra,a
 119  0001  0080     R  	mov _dis_nub1_2[0],a
 119  0002              #pragma debug variable 8 2 _dis_nub1_2+0 "i"
 121  0002              #line 121 "c:\users\longshuangmin\desktop\worke_space\g-501\g-501\lcd2.c"
 121  0002  0F0F        	mov a,15
 121  0003  0200     E  	sub a,ra
 121  0004  380A        	snz c
 121  0005  2800     R  	jmp _L1
 123  0006              #line 123 "c:\users\longshuangmin\desktop\worke_space\g-501\g-501\lcd2.c"
 123  0006  0700     E  	mov a,ra
 123  0007  0080     E  	mov rb,a
 123  0008  1F00     E  	clr rc
 123  0009  340A        	clr c
 123  000A  1A80     E  	rlc rb
 123  000B  1A80     E  	rlc rc
 123  000C  0F00     E  	mov a,low offset _HexTab
 123  000D  0300     E  	add a,rb
 123  000E  0083        	mov mp,a
 123  000F  0F00     E  	mov a,high offset _HexTab
 123  0010  1300     E  	adc a,rc
 123  0011  0084        	mov sbp,a
 123  0012              	fcall _Crom2Prom
 123  0019  0080     E  	mov _lcd[16],a
 123  001A              	fcall _Crom2PromNext
 123  0021  0080     E  	mov _lcd[17],a
 124  0022              #line 124 "c:\users\longshuangmin\desktop\worke_space\g-501\g-501\lcd2.c"
 124  0022  1F00     E  	clr _lcd[18]
 124  0023  1F00     E  	clr _lcd[19]
 125  0024              #line 125 "c:\users\longshuangmin\desktop\worke_space\g-501\g-501\lcd2.c"
 125  0024  1F00     E  	clr _lcd[20]
 125  0025  1F00     E  	clr _lcd[21]
 126  0026              #line 126 "c:\users\longshuangmin\desktop\worke_space\g-501\g-501\lcd2.c"
 126  0026              	fcall _LCD_ScanOut
 126  002D              _L1:
 126  002D  0003        	ret
 126  002E              _dis_nub1 endp
 126  002E              #line 126 "c:\users\longshuangmin\desktop\worke_space\g-501\g-501\lcd2.c"
文件：lcd2.c       编译器版本 HGASM 0202 页次3

 126  002E              #pragma debug scope 1 1
 126  002E              _M_LCD_RAM equ [1024]
 126  002E              public _dis_nub2
 126  002E              #pragma debug scope 3 1
 132  002E              #line 132 "c:\users\longshuangmin\desktop\worke_space\g-501\g-501\lcd2.c"
 132  0000              _dis_nub2 .section 'code'
 132  0000              _dis_nub2 proc
 132  0000  00              local _dis_nub2_2 db 1 dup(?)	; 0,1
 132  0000  0080     E  	mov rb,a
 132  0001              #pragma debug variable 8 3 _dis_nub2_2+0 "i"
 133  0001              #line 133 "c:\users\longshuangmin\desktop\worke_space\g-501\g-501\lcd2.c"
 133  0001  1F00     E  	clr rc
 133  0002  340A        	clr c
 133  0003  1A80     E  	rlc rb
 133  0004  1A80     E  	rlc rc
 133  0005  0F00     R  	mov a,low offset _number_12
 133  0006  0300     E  	add a,rb
 133  0007  0083        	mov mp,a
 133  0008  0F00     R  	mov a,high offset _number_12
 133  0009  1300     E  	adc a,rc
 133  000A  0084        	mov sbp,a
 133  000B              	fcall _Crom2Prom
 133  0012  808E 0004   	lmov [1038],a
 134  0014              #line 134 "c:\users\longshuangmin\desktop\worke_space\g-501\g-501\lcd2.c"
 134  0014  0F00     R  	mov a,low (offset _number_12+1)
 134  0015  0300     E  	add a,rb
 134  0016  0083        	mov mp,a
 134  0017  0F00     R  	mov a,high (offset _number_12+1)
 134  0018  1300     E  	adc a,rc
 134  0019  0084        	mov sbp,a
 134  001A              	fcall _Crom2Prom
 134  0021  808F 0004   	lmov [1039],a
 134  0023  0003        	ret
 134  0024              _dis_nub2 endp
 134  0024              #line 134 "c:\users\longshuangmin\desktop\worke_space\g-501\g-501\lcd2.c"
 134  0024              #pragma debug scope 1 1
 134  0024              _batlevel equ [3721]
 134  0024              public _dis_beat
 134  0024              #pragma debug scope 4 1
 146  0024              #line 146 "c:\users\longshuangmin\desktop\worke_space\g-501\g-501\lcd2.c"
 146  0000              _dis_beat .section 'code'
 146  0000              _dis_beat proc
 147  0000              #line 147 "c:\users\longshuangmin\desktop\worke_space\g-501\g-501\lcd2.c"
 147  0000  C709 000E   	lmov a,[3721]
 147  0002  0080     E  	mov ra,a
 147  0003  0700     E  	mov a,ra
 147  0004              	fcall _Lcd_Bat
 148  000B              #line 148 "c:\users\longshuangmin\desktop\worke_space\g-501\g-501\lcd2.c"
 148  000B  3800     E  	snz _lcd[28].1
 148  000C  2800     R  	jmp _L6
 149  000D              #line 149 "c:\users\longshuangmin\desktop\worke_space\g-501\g-501\lcd2.c"
 149  000D  B282 0004   	lset [1026].5
 149  000F  2800     R  	jmp _L5
 149  0010              _L6:
 151  0010              #line 151 "c:\users\longshuangmin\desktop\worke_space\g-501\g-501\lcd2.c"
 151  0010  B682 0004   	lclr [1026].5
 151  0012              _L5:
 151  0012  0003        	ret
 151  0013              _dis_beat endp
 151  0013              #line 151 "c:\users\longshuangmin\desktop\worke_space\g-501\g-501\lcd2.c"
文件：lcd2.c       编译器版本 HGASM 0202 页次4

 151  0013              #pragma debug scope 1 1
 151  0013              public _number_12
 151  0000              @crom	.section 'crom'
  56  0000              #line 56 "c:\users\longshuangmin\desktop\worke_space\g-501\g-501\lcd2.c"
  56  0000              @crom	.section	'crom'
  56  0000              _number_12:
  56  0000              #pragma debug array 42 8 2 1
  56  0000              #pragma debug array 42 8 2 1
  56  0000              #pragma debug array 43 42 10 1
  56  0000              #pragma debug array 43 42 10 1
  56  0000              #pragma debug variable 43 1 _number_12 "number_12"
  56  0000              	db 10
  56  0001              	db 15
  56  0001              	db 10
  56  0002              	db 0
  56  0002              	db 12
  56  0003              	db 11
  56  0003              	db 14
  56  0004              	db 9
  56  0004              	db 14
  56  0005              	db 4
  56  0005              	db 6
  56  0006              	db 13
  56  0006              	db 11
  56  0007              	db 10
  56  0007              	db 18
  56  0008              	db 0
  56  0008              	db 19
  56  0009              	db 10
  56  0009              	db 19
  56  000A              	db 8
  56  000A              #pragma debug array 44 8 20 1
  56  000A              #pragma debug array 44 8 20 1
  56  000A              #pragma debug variable 44 1 _M_LCD_RAM "M_LCD_RAM" 20
  56  000A              #pragma debug variable 8 1 _batlevel "batlevel" 1
  56  000A              
  56  000A              ; output external variables
  56  000A              extern _lcd:byte
  56  000A              extern _HexTab:near
  56  000A              extern _LCD_ScanOut:near
  56  000A              extern _Lcd_Bat:near
  56  000A              
  56  000A              ; 
  56  000A              ; Generated by holtek-gcc v3.19, Fri May 23 10:39:49 2025
  56  000A              ; Rebuild 718
  56  000A              ; end of file


        0 Errors, 0