文件：mode.c       编译器版本 HGASM 0202 页次1


   1  0000              ; Generated by holtek-gcc v3.19, Fri May 23 10:39:42 2025
   2  0000              ; 
   3  0000              ; Configuration:
   4  0000              ;       with long instruction
   5  0000              ;       Multi-ROM, Multi-RAM
   6  0000              ;       bits_per_rom_unit:16
   7  0000              ;       with mp1
   8  0000              ;       with tbhp, address(0x9)
   9  0000              ;          Use tabrd-const
  10  0000              ;       
  11  0000              ; SFR address of long-instruction arch:
  12  0000              ;    mp0 = -1,1,0
  13  0000              ;    mp1 = 4,3,2
  14  0000              ;    mp2 = 14,13,12
  15  0000              ;    tbp = 9,7,8
  16  0000              ;    acc = 5
  17  0000              ;    pcl = 6
  18  0000              ;    status = 10
  19  0000              ;    bp = 11
  20  0000              ;    intc = 32
  21  0000              ;       
  22  0000              ;       
  23  0000              ; use 'tabrdc' instead of 'tabrd'
  24  0000              ;       
  25  0000              
  26  0000              #pragma translator "holtek-gcc 4.6.4" "3.19" "build 20130711"
  27  0000              ; Rebuild 718
  28  0000              
  29  0000              ir equ [2]
  30  0000              mp equ [3]
  31  0000              sbp equ [4]
  32  0000              acc equ [5]
  33  0000              bp equ [11]
  34  0000              tblp equ [7]
  35  0000              tbhp equ [9]
  36  0000              status equ [10]
  37  0000              c equ [10].0
  38  0000              ac equ [10].1
  39  0000              z equ [10].2
  40  0000              ov equ [10].3
  41  0000              cz equ [10].6
  42  0000              sc equ [10].7
  43  0000              intc equ [32]
  44  0000              mduwr0 equ [59h]
  45  0000              mduwr1 equ [5ah]
  46  0000              mduwr2 equ [5bh]
  47  0000              mduwr3 equ [5ch]
  48  0000              mduwr4 equ [5dh]
  49  0000              mduwr5 equ [5eh]
  50  0000              mduwrctrl equ [5fh]
  51  0000              
  52  0000              extern ra:byte
  53  0000              extern rb:byte
  54  0000              extern rc:byte
  55  0000              extern rd:byte
  56  0000              extern re:byte
  57  0000              extern rf:byte
  58  0000              extern rg:byte
  59  0000              extern rh:byte
文件：mode.ASM     编译器版本 HGASM 0202 页次2

  60  0000              extern _Crom2Prom:near
  61  0000              extern _Crom2PromNext:near
  62  0000              
  63  0000              RAMBANK 0 @BITDATASEC, @BITDATASEC1
  64  0000              @HCCINIT	.section 'data'
  65  0000              @HCCINIT0	.section 'data'
  66  0000              @BITDATASEC	 .section 'data'
  67  0000              @BITDATASEC1	 .section 'data'
  68  0000              
  69  0000              #pragma debug scope 1 1
  70  0000              	extern __DELAY3:near
  71  0000              	extern __DELAYX3:near
  72  0000              	extern __DELAYX6:near
  73  0000              	extern __DELAYY5:near
  74  0000              	extern __DELAYY3:near
  75  0000              	extern _builtin_holtek_delay_2:byte
  76  0000              _memkey equ [3712]
  77  0000              _setkey equ [3715]
  78  0000              public _PwrOnMode
  79  0000              #pragma debug scope 2 1

   5  0000              #line 5 "c:\users\longshuangmin\desktop\worke_space\g-501\g-501\mode.c"
   5  0000              _PwrOnMode .section 'code'
   5  0000              _PwrOnMode proc
   9  0000              #line 9 "c:\users\longshuangmin\desktop\worke_space\g-501\g-501\mode.c"
   9  0000  0F01        	mov a,1
   9  0001  0300     E  	add a,_M_RTC_display[0]
   9  0002  0080     E  	mov rb,a
   9  0003  0F00        	mov a,0
   9  0004  1300     E  	adc a,_M_RTC_display[1]
   9  0005  0080     E  	mov rc,a
   9  0006  0700     E  	mov a,rb
   9  0007  0080     E  	mov _M_RTC_display[0],a
   9  0008  0700     E  	mov a,rc
   9  0009  0080     E  	mov _M_RTC_display[1],a
  11  000A              #line 11 "c:\users\longshuangmin\desktop\worke_space\g-501\g-501\mode.c"
  11  000A  0700     E  	mov a,rb
  11  000B  0C01        	xor a,1
  11  000C  0500     E  	or a,rc
  11  000D  390A        	snz z
  11  000E  2800     R  	jmp _L2
  16  000F              #line 16 "c:\users\longshuangmin\desktop\worke_space\g-501\g-501\mode.c"
  16  000F  0F00     E  	mov a,low (offset _charTab+170)
  16  0010  0083        	mov mp,a
  16  0011  0F00     E  	mov a,high (offset _charTab+170)
  16  0012  0084        	mov sbp,a
  16  0013              	fcall _Crom2Prom
  16  001A  0080     E  	mov _lcd[16],a
  16  001B              	fcall _Crom2PromNext
  16  0022  0080     E  	mov _lcd[17],a
  17  0023              #line 17 "c:\users\longshuangmin\desktop\worke_space\g-501\g-501\mode.c"
  17  0023  0F00     E  	mov a,low (offset _HexTab+2)
  17  0024  0083        	mov mp,a
  17  0025  0F00     E  	mov a,high (offset _HexTab+2)
  17  0026  0084        	mov sbp,a
  17  0027              	fcall _Crom2Prom
  17  002E  0080     E  	mov _lcd[18],a
  17  002F              	fcall _Crom2PromNext
  17  0036  0080     E  	mov _lcd[19],a
  18  0037              #line 18 "c:\users\longshuangmin\desktop\worke_space\g-501\g-501\mode.c"
文件：mode.c       编译器版本 HGASM 0202 页次3

  18  0037  0F00     E  	mov a,low offset _HexTab
  18  0038  0083        	mov mp,a
  18  0039  0F00     E  	mov a,high offset _HexTab
  18  003A  0084        	mov sbp,a
  18  003B              	fcall _Crom2Prom
  18  0042  0080     E  	mov _lcd[20],a
  18  0043              	fcall _Crom2PromNext
  18  004A  0080     E  	mov _lcd[21],a
  21  004B              #line 21 "c:\users\longshuangmin\desktop\worke_space\g-501\g-501\mode.c"
  21  004B  0F50        	mov a,80
  21  004C  0080     R  	mov ___distime_4107[0],a
  22  004D              #line 22 "c:\users\longshuangmin\desktop\worke_space\g-501\g-501\mode.c"
  22  004D  3000     E  	set _lcd[28].0
  24  004E              #line 24 "c:\users\longshuangmin\desktop\worke_space\g-501\g-501\mode.c"
  24  004E  3000     E  	set _Flag2[0].1
  24  004F              _L2:
  26  004F              #line 26 "c:\users\longshuangmin\desktop\worke_space\g-501\g-501\mode.c"
  26  004F  D080 000E   	lsz [3712]
  26  0051  2800     R  	jmp _L3
  26  0052  DE03 000E   	lsnz [3715]
  26  0054  2800     R  	jmp _L4
  26  0055              _L3:
  28  0055              #line 28 "c:\users\longshuangmin\desktop\worke_space\g-501\g-501\mode.c"
  28  0055  DF00 000E   	lclr [3712]
  29  0057              #line 29 "c:\users\longshuangmin\desktop\worke_space\g-501\g-501\mode.c"
  29  0057  DF03 000E   	lclr [3715]
  30  0059              #line 30 "c:\users\longshuangmin\desktop\worke_space\g-501\g-501\mode.c"
  30  0059  0FC8        	mov a,200
  30  005A  0080     R  	mov ___distime_4107[0],a
  31  005B              #line 31 "c:\users\longshuangmin\desktop\worke_space\g-501\g-501\mode.c"
  31  005B  0F00     E  	mov a,low offset _HexTab
  31  005C  0083        	mov mp,a
  31  005D  0F00     E  	mov a,high offset _HexTab
  31  005E  0084        	mov sbp,a
  31  005F              	fcall _Crom2Prom
  31  0066  0080     E  	mov rd,a
  31  0067              	fcall _Crom2PromNext
  31  006E  0080     E  	mov re,a
  31  006F  0700     E  	mov a,rd
  31  0070  0080     E  	mov _lcd[12],a
  31  0071  0700     E  	mov a,re
  31  0072  0080     E  	mov _lcd[13],a
  32  0073              #line 32 "c:\users\longshuangmin\desktop\worke_space\g-501\g-501\mode.c"
  32  0073  0700     E  	mov a,rd
  32  0074  0080     E  	mov _lcd[14],a
  32  0075  0700     E  	mov a,re
  32  0076  0080     E  	mov _lcd[15],a
  33  0077              #line 33 "c:\users\longshuangmin\desktop\worke_space\g-501\g-501\mode.c"
  33  0077  3000     E  	set _Flag2[0].1
  33  0078              _L4:
  35  0078              #line 35 "c:\users\longshuangmin\desktop\worke_space\g-501\g-501\mode.c"
  35  0078  0700     R  	mov a,___distime_4107[0]
  35  0079  0080     E  	mov rd,a
  35  007A  1F00     E  	clr re
  35  007B  0700     E  	mov a,rb
  35  007C  0200     E  	sub a,rd
  35  007D  0700     E  	mov a,rc
  35  007E  1200     E  	sbc a,re
  35  007F  380A        	snz c
  35  0080  2800     R  	jmp _L1
文件：mode.c       编译器版本 HGASM 0202 页次4

  38  0081              #line 38 "c:\users\longshuangmin\desktop\worke_space\g-501\g-501\mode.c"
  38  0081  0F03        	mov a,3
  38  0082  0080     E  	mov _M_Task[0],a
  39  0083              #line 39 "c:\users\longshuangmin\desktop\worke_space\g-501\g-501\mode.c"
  39  0083  1F00     E  	clr _M_TaskBuf0[0]
  40  0084              #line 40 "c:\users\longshuangmin\desktop\worke_space\g-501\g-501\mode.c"
  40  0084  1F00     E  	clr _M_TaskBuf1[0]
  41  0085              #line 41 "c:\users\longshuangmin\desktop\worke_space\g-501\g-501\mode.c"
  41  0085  1F00     E  	clr _M_Error_Task[0]
  42  0086              #line 42 "c:\users\longshuangmin\desktop\worke_space\g-501\g-501\mode.c"
  42  0086  1F00     E  	clr _M_RTC_display[0]
  42  0087  1F00     E  	clr _M_RTC_display[1]
  43  0088              #line 43 "c:\users\longshuangmin\desktop\worke_space\g-501\g-501\mode.c"
  43  0088  1F00     E  	clr _M_No_Active_Cnt[0]
  43  0089  1F00     E  	clr _M_No_Active_Cnt[1]
  43  008A              _L1:
  43  008A  0003        	ret
  43  008B              _PwrOnMode endp
  43  008B              #line 43 "c:\users\longshuangmin\desktop\worke_space\g-501\g-501\mode.c"
  43  008B              #pragma debug scope 1 1
  43  008B              ___pc equ [39]
  43  0000              @crom	.section 'crom'
  43  0000              _LC0:
  43  0000              	db 04fh,046h,046h,00h
  43  0002              ___pa equ [20]
  43  0002              ___pb equ [36]
  43  0002              ___lcdc0 equ [304]
  43  0002              public _OffMoedProcess
  43  0002              #pragma debug scope 3 1
  51  0002              #line 51 "c:\users\longshuangmin\desktop\worke_space\g-501\g-501\mode.c"
  51  0000              _OffMoedProcess .section 'code'
  51  0000              _OffMoedProcess proc
  52  0000              #line 52 "c:\users\longshuangmin\desktop\worke_space\g-501\g-501\mode.c"
  52  0000  1E00     E  	snz _M_TaskBuf0[0]
  52  0001  2800     R  	jmp _L12
  52  0002              #line 52 "c:\users\longshuangmin\desktop\worke_space\g-501\g-501\mode.c"
  52  0002  1700     E  	sdza _M_TaskBuf0[0]
  52  0003  2800     R  	jmp _L33
  52  0004  2800     R  	jmp _L34
  52  0005              _L12:
  56  0005              #line 56 "c:\users\longshuangmin\desktop\worke_space\g-501\g-501\mode.c"
  56  0005  3C27        	sz [39].0
  56  0006  2800     R  	jmp _L14
  58  0007              #line 58 "c:\users\longshuangmin\desktop\worke_space\g-501\g-501\mode.c"
  58  0007  1F00     E  	clr _M_RTC_display[0]
  58  0008  1F00     E  	clr _M_RTC_display[1]
  59  0009              #line 59 "c:\users\longshuangmin\desktop\worke_space\g-501\g-501\mode.c"
  59  0009  0F01        	mov a,1
  59  000A  0080     E  	mov _M_TaskBuf0[0],a
  60  000B              #line 60 "c:\users\longshuangmin\desktop\worke_space\g-501\g-501\mode.c"
  60  000B  1F00     E  	clr _M_TaskBuf1[0]
  61  000C              #line 61 "c:\users\longshuangmin\desktop\worke_space\g-501\g-501\mode.c"
  61  000C  2800     R  	jmp _L10
  61  000D              _L14:
  65  000D              #line 65 "c:\users\longshuangmin\desktop\worke_space\g-501\g-501\mode.c"
  65  000D  0F00        	mov a,0
  65  000E              	fcall _LCD_Clear
  67  0015              #line 67 "c:\users\longshuangmin\desktop\worke_space\g-501\g-501\mode.c"
  67  0015  1F00     E  	clr _M_RTC_display[0]
  67  0016  1F00     E  	clr _M_RTC_display[1]
文件：mode.c       编译器版本 HGASM 0202 页次5

  68  0017              #line 68 "c:\users\longshuangmin\desktop\worke_space\g-501\g-501\mode.c"
  68  0017  0F01        	mov a,1
  68  0018  0080     E  	mov _M_TaskBuf0[0],a
  69  0019              #line 69 "c:\users\longshuangmin\desktop\worke_space\g-501\g-501\mode.c"
  69  0019  1F00     E  	clr _M_TaskBuf1[0]
  71  001A              #line 71 "c:\users\longshuangmin\desktop\worke_space\g-501\g-501\mode.c"
  71  001A  1F00     E  	clr _M_Error_Task[0]
  72  001B              #line 72 "c:\users\longshuangmin\desktop\worke_space\g-501\g-501\mode.c"
  72  001B  1F00     E  	clr _M_No_Active_Cnt[0]
  72  001C  1F00     E  	clr _M_No_Active_Cnt[1]
  74  001D              #line 74 "c:\users\longshuangmin\desktop\worke_space\g-501\g-501\mode.c"
  74  001D  0F00     R  	mov a,low offset _LC0
  74  001E  0080     E  	mov _Show_BigString_2[0],a
  74  001F  0F00     R  	mov a,high offset _LC0
  74  0020  0080     E  	mov _Show_BigString_2[1],a
  74  0021              	fcall _Show_BigString
  77  0028              #line 77 "c:\users\longshuangmin\desktop\worke_space\g-501\g-501\mode.c"
  77  0028  3000     E  	set _Flag2[0].1
  81  0029              #line 81 "c:\users\longshuangmin\desktop\worke_space\g-501\g-501\mode.c"
  81  0029  3B14        	snz [20].6
  81  002A  2800     R  	jmp _L16
  81  002B  3A94        	snz [20].5
  81  002C  2800     R  	jmp _L16
  81  002D  39A4        	snz [36].3
  81  002E  2800     R  	jmp _L16
  81  002F  3A14        	snz [20].4
  81  0030  2800     R  	jmp _L16
  81  0031  3D94        	sz [20].3
  81  0032  2800     R  	jmp _L10
  81  0033              _L16:
  82  0033              #line 82 "c:\users\longshuangmin\desktop\worke_space\g-501\g-501\mode.c"
  82  0033  3000     E  	set _Flag2[0].2
  82  0034  2800     R  	jmp _L10
  82  0035              _L34:
  89  0035              #line 89 "c:\users\longshuangmin\desktop\worke_space\g-501\g-501\mode.c"
  89  0035  0F01        	mov a,1
  89  0036  0300     E  	add a,_M_RTC_display[0]
  89  0037  0080     E  	mov rb,a
  89  0038  0F00        	mov a,0
  89  0039  1300     E  	adc a,_M_RTC_display[1]
  89  003A  0080     E  	mov rc,a
  89  003B  0700     E  	mov a,rb
  89  003C  0080     E  	mov _M_RTC_display[0],a
  89  003D  0700     E  	mov a,rc
  89  003E  0080     E  	mov _M_RTC_display[1],a
  91  003F              #line 91 "c:\users\longshuangmin\desktop\worke_space\g-501\g-501\mode.c"
  91  003F  0F31        	mov a,49
  91  0040  0200     E  	sub a,rb
  91  0041  0F00        	mov a,0
  91  0042  1200     E  	sbc a,rc
  91  0043  3C0A        	sz c
  91  0044  2800     R  	jmp _L10
  93  0045              #line 93 "c:\users\longshuangmin\desktop\worke_space\g-501\g-501\mode.c"
  93  0045  1F00     E  	clr _M_RTC_display[0]
  93  0046  1F00     E  	clr _M_RTC_display[1]
  94  0047              #line 94 "c:\users\longshuangmin\desktop\worke_space\g-501\g-501\mode.c"
  94  0047  1F00     E  	clr _M_Task[0]
  95  0048              #line 95 "c:\users\longshuangmin\desktop\worke_space\g-501\g-501\mode.c"
  95  0048              	fcall _keyinti
  96  004F              #line 96 "c:\users\longshuangmin\desktop\worke_space\g-501\g-501\mode.c"
文件：mode.c       编译器版本 HGASM 0202 页次6

  96  004F  1F00     E  	clr _M_TaskBuf0[0]
  97  0050              #line 97 "c:\users\longshuangmin\desktop\worke_space\g-501\g-501\mode.c"
  97  0050  1F00     E  	clr _M_TaskBuf1[0]
  99  0051              #line 99 "c:\users\longshuangmin\desktop\worke_space\g-501\g-501\mode.c"
  99  0051  1F00     E  	clr _M_Error_Task[0]
 100  0052              #line 100 "c:\users\longshuangmin\desktop\worke_space\g-501\g-501\mode.c"
 100  0052  1F00     E  	clr _M_No_Active_Cnt[0]
 100  0053  1F00     E  	clr _M_No_Active_Cnt[1]
 102  0054              #line 102 "c:\users\longshuangmin\desktop\worke_space\g-501\g-501\mode.c"
 102  0054  0F00        	mov a,0
 102  0055              	fcall _LCD_Clear
 103  005C              #line 103 "c:\users\longshuangmin\desktop\worke_space\g-501\g-501\mode.c"
 103  005C  B430 0001   	lclr [304].0
 103  005E  2800     R  	jmp _L10
 103  005F              _L33:
 113  005F              #line 113 "c:\users\longshuangmin\desktop\worke_space\g-501\g-501\mode.c"
 113  005F  0F01        	mov a,1
 113  0060  0300     E  	add a,_M_RTC_display[0]
 113  0061  0080     E  	mov rb,a
 113  0062  0F00        	mov a,0
 113  0063  1300     E  	adc a,_M_RTC_display[1]
 113  0064  0080     E  	mov rc,a
 113  0065  0700     E  	mov a,rb
 113  0066  0080     E  	mov _M_RTC_display[0],a
 113  0067  0700     E  	mov a,rc
 113  0068  0080     E  	mov _M_RTC_display[1],a
 114  0069              #line 114 "c:\users\longshuangmin\desktop\worke_space\g-501\g-501\mode.c"
 114  0069  0F07        	mov a,7
 114  006A  0200     E  	sub a,rb
 114  006B  0F00        	mov a,0
 114  006C  1200     E  	sbc a,rc
 114  006D  3C0A        	sz c
 114  006E  2800     R  	jmp _L10
 116  006F              #line 116 "c:\users\longshuangmin\desktop\worke_space\g-501\g-501\mode.c"
 116  006F  1F00     E  	clr _M_RTC_display[0]
 116  0070  1F00     E  	clr _M_RTC_display[1]
 117  0071              #line 117 "c:\users\longshuangmin\desktop\worke_space\g-501\g-501\mode.c"
 117  0071  1F00     E  	clr _M_No_Active_Cnt[0]
 117  0072  1F00     E  	clr _M_No_Active_Cnt[1]
 118  0073              #line 118 "c:\users\longshuangmin\desktop\worke_space\g-501\g-501\mode.c"
 118  0073  0F03        	mov a,3
 118  0074  0080     E  	mov _M_Task[0],a
 119  0075              #line 119 "c:\users\longshuangmin\desktop\worke_space\g-501\g-501\mode.c"
 119  0075  1F00     E  	clr _M_TaskBuf0[0]
 120  0076              #line 120 "c:\users\longshuangmin\desktop\worke_space\g-501\g-501\mode.c"
 120  0076  1F00     E  	clr _M_TaskBuf1[0]
 122  0077              #line 122 "c:\users\longshuangmin\desktop\worke_space\g-501\g-501\mode.c"
 122  0077  1F00     E  	clr _M_Error_Task[0]
 124  0078              #line 124 "c:\users\longshuangmin\desktop\worke_space\g-501\g-501\mode.c"
 124  0078  0F00        	mov a,0
 124  0079              	fcall _LCD_Clear
 124  0080              _L10:
 124  0080  0003        	ret
 124  0081              _OffMoedProcess endp
 124  0081              #line 124 "c:\users\longshuangmin\desktop\worke_space\g-501\g-501\mode.c"
 124  0081              #pragma debug scope 1 1
 124  0081              public _Alarm_Check_Process
 124  0081              #pragma debug scope 4 1
 134  0081              #line 134 "c:\users\longshuangmin\desktop\worke_space\g-501\g-501\mode.c"
 134  0000              _Alarm_Check_Process .section 'code'
文件：mode.c       编译器版本 HGASM 0202 页次7

 134  0000              _Alarm_Check_Process proc
 135  0000              #line 135 "c:\users\longshuangmin\desktop\worke_space\g-501\g-501\mode.c"
 135  0000  0700     E  	mov a,_M_TaskBuf0[0]
 135  0001  0A00        	sub a,0
 135  0002  3D0A        	sz z
 135  0003  2800     R  	jmp _L37
 135  0004  0A01        	sub a,(1)-(0)
 135  0005  3D0A        	sz z
 135  0006  2800     R  	jmp _L38
 135  0007              #line 135 "c:\users\longshuangmin\desktop\worke_space\g-501\g-501\mode.c"
 135  0007  0700     E  	mov a,_M_TaskBuf0[0]
 135  0008  0A09        	sub a,9
 135  0009  390A        	snz z
 135  000A  2800     R  	jmp _L82
 135  000B  2800     R  	jmp _L85
 135  000C              _L37:
 139  000C              #line 139 "c:\users\longshuangmin\desktop\worke_space\g-501\g-501\mode.c"
 139  000C  0F01        	mov a,1
 139  000D  0300     E  	add a,_M_RTC_display[0]
 139  000E  0080     E  	mov rb,a
 139  000F  0F00        	mov a,0
 139  0010  1300     E  	adc a,_M_RTC_display[1]
 139  0011  0080     E  	mov rc,a
 139  0012  0700     E  	mov a,rb
 139  0013  0080     E  	mov _M_RTC_display[0],a
 139  0014  0700     E  	mov a,rc
 139  0015  0080     E  	mov _M_RTC_display[1],a
 141  0016              #line 141 "c:\users\longshuangmin\desktop\worke_space\g-501\g-501\mode.c"
 141  0016  0F09        	mov a,9
 141  0017  0200     E  	sub a,rb
 141  0018  0F00        	mov a,0
 141  0019  1200     E  	sbc a,rc
 141  001A  3C0A        	sz c
 141  001B  2800     R  	jmp _L41
 143  001C              #line 143 "c:\users\longshuangmin\desktop\worke_space\g-501\g-501\mode.c"
 143  001C  1F00     E  	clr _M_RTC_display[0]
 143  001D  1F00     E  	clr _M_RTC_display[1]
 144  001E              #line 144 "c:\users\longshuangmin\desktop\worke_space\g-501\g-501\mode.c"
 144  001E  0F01        	mov a,1
 144  001F  0080     E  	mov _M_TaskBuf0[0],a
 145  0020              #line 145 "c:\users\longshuangmin\desktop\worke_space\g-501\g-501\mode.c"
 145  0020  1F00     E  	clr _M_TaskBuf1[0]
 146  0021              #line 146 "c:\users\longshuangmin\desktop\worke_space\g-501\g-501\mode.c"
 146  0021  1F00     E  	clr _M_Error_Task[0]
 147  0022              #line 147 "c:\users\longshuangmin\desktop\worke_space\g-501\g-501\mode.c"
 147  0022  3000     E  	set _Flag4[0].4
 148  0023              #line 148 "c:\users\longshuangmin\desktop\worke_space\g-501\g-501\mode.c"
 148  0023  1F00     E  	clr _M_Ibuf1[0]
 148  0024  1F00     E  	clr _M_Ibuf1[1]
 149  0025              #line 149 "c:\users\longshuangmin\desktop\worke_space\g-501\g-501\mode.c"
 149  0025  1F00     E  	clr _M_Ibuf2[0]
 149  0026  1F00     E  	clr _M_Ibuf2[1]
 149  0027  2800     R  	jmp _L83
 149  0028              _L38:
 159  0028              #line 159 "c:\users\longshuangmin\desktop\worke_space\g-501\g-501\mode.c"
 159  0028  3C00     E  	sz _Flag2[0].6
 159  0029  2800     R  	jmp _L42
 166  002A              #line 166 "c:\users\longshuangmin\desktop\worke_space\g-501\g-501\mode.c"
 166  002A  3000     E  	set _Flag2[0].6
 167  002B              #line 167 "c:\users\longshuangmin\desktop\worke_space\g-501\g-501\mode.c"
文件：mode.c       编译器版本 HGASM 0202 页次8

 167  002B  3000     E  	set _Flag2[0].1
 167  002C              _L42:
 170  002C              #line 170 "c:\users\longshuangmin\desktop\worke_space\g-501\g-501\mode.c"
 170  002C  0F01        	mov a,1
 170  002D  0300     E  	add a,_M_RTC_display[0]
 170  002E  0080     E  	mov rb,a
 170  002F  0F00        	mov a,0
 170  0030  1300     E  	adc a,_M_RTC_display[1]
 170  0031  0080     E  	mov rc,a
 170  0032  0700     E  	mov a,rb
 170  0033  0080     E  	mov _M_RTC_display[0],a
 170  0034  0700     E  	mov a,rc
 170  0035  0080     E  	mov _M_RTC_display[1],a
 171  0036              #line 171 "c:\users\longshuangmin\desktop\worke_space\g-501\g-501\mode.c"
 171  0036  0700     E  	mov a,rb
 171  0037  0C01        	xor a,1
 171  0038  0500     E  	or a,rc
 171  0039  390A        	snz z
 171  003A  2800     R  	jmp _L43
 174  003B              #line 174 "c:\users\longshuangmin\desktop\worke_space\g-501\g-501\mode.c"
 174  003B  3000     E  	set _lcd[34].0
 175  003C              #line 175 "c:\users\longshuangmin\desktop\worke_space\g-501\g-501\mode.c"
 175  003C  3000     E  	set _lcd[22].1
 176  003D              #line 176 "c:\users\longshuangmin\desktop\worke_space\g-501\g-501\mode.c"
 176  003D  3800     E  	snz _Flag6[0].1
 176  003E  2800     R  	jmp _L44
 177  003F              #line 177 "c:\users\longshuangmin\desktop\worke_space\g-501\g-501\mode.c"
 177  003F  3000     E  	set _lcd[34].1
 177  0040  2800     R  	jmp _L45
 177  0041              _L44:
 180  0041              #line 180 "c:\users\longshuangmin\desktop\worke_space\g-501\g-501\mode.c"
 180  0041  3800     E  	snz _Flag6[0].3
 180  0042  2800     R  	jmp _L46
 181  0043              #line 181 "c:\users\longshuangmin\desktop\worke_space\g-501\g-501\mode.c"
 181  0043  3000     E  	set _lcd[34].2
 181  0044  2800     R  	jmp _L45
 181  0045              _L46:
 184  0045              #line 184 "c:\users\longshuangmin\desktop\worke_space\g-501\g-501\mode.c"
 184  0045  3800     E  	snz _Flag6[0].5
 184  0046  2800     R  	jmp _L47
 185  0047              #line 185 "c:\users\longshuangmin\desktop\worke_space\g-501\g-501\mode.c"
 185  0047  3000     E  	set _lcd[34].3
 185  0048  2800     R  	jmp _L45
 185  0049              _L47:
 188  0049              #line 188 "c:\users\longshuangmin\desktop\worke_space\g-501\g-501\mode.c"
 188  0049  3800     E  	snz _Flag6[0].7
 188  004A  2800     R  	jmp _L45
 189  004B              #line 189 "c:\users\longshuangmin\desktop\worke_space\g-501\g-501\mode.c"
 189  004B  3000     E  	set _lcd[34].4
 189  004C              _L45:
 195  004C              #line 195 "c:\users\longshuangmin\desktop\worke_space\g-501\g-501\mode.c"
 195  004C  3000     E  	set _lcd[24].4
 196  004D              #line 196 "c:\users\longshuangmin\desktop\worke_space\g-501\g-501\mode.c"
 196  004D  0700     E  	mov a,_M_Hour[0]
 196  004E  0080     E  	mov ra,a
 196  004F  0700     E  	mov a,_M_Minutes[0]
 196  0050  0080     E  	mov _Lcd_Clock_Process_2[0],a
 196  0051  0700     E  	mov a,ra
 196  0052              	fcall _Lcd_Clock_Process
 198  0059              #line 198 "c:\users\longshuangmin\desktop\worke_space\g-501\g-501\mode.c"
文件：mode.c       编译器版本 HGASM 0202 页次9

 198  0059  3000     E  	set _Flag2[0].1
 198  005A  2800     R  	jmp _L48
 198  005B              _L43:
 200  005B              #line 200 "c:\users\longshuangmin\desktop\worke_space\g-501\g-501\mode.c"
 200  005B  0700     E  	mov a,rb
 200  005C  0C32        	xor a,50
 200  005D  0500     E  	or a,rc
 200  005E  390A        	snz z
 200  005F  2800     R  	jmp _L49
 204  0060              #line 204 "c:\users\longshuangmin\desktop\worke_space\g-501\g-501\mode.c"
 204  0060  3400     E  	clr _lcd[34].0
 205  0061              #line 205 "c:\users\longshuangmin\desktop\worke_space\g-501\g-501\mode.c"
 205  0061  3400     E  	clr _lcd[22].1
 206  0062              #line 206 "c:\users\longshuangmin\desktop\worke_space\g-501\g-501\mode.c"
 206  0062  3000     E  	set _Flag2[0].1
 210  0063              #line 210 "c:\users\longshuangmin\desktop\worke_space\g-501\g-501\mode.c"
 210  0063  3400     E  	clr _lcd[24].4
 211  0064              #line 211 "c:\users\longshuangmin\desktop\worke_space\g-501\g-501\mode.c"
 211  0064  3400     E  	clr _lcd[24].5
 212  0065              #line 212 "c:\users\longshuangmin\desktop\worke_space\g-501\g-501\mode.c"
 212  0065  3400     E  	clr _lcd[24].6
 213  0066              #line 213 "c:\users\longshuangmin\desktop\worke_space\g-501\g-501\mode.c"
 213  0066  0700     E  	mov a,_M_Month[0]
 213  0067  0080     E  	mov ra,a
 213  0068  0700     E  	mov a,_M_Days[0]
 213  0069  0080     E  	mov _Lcd_Month_Day_Process_2[0],a
 213  006A  0700     E  	mov a,ra
 213  006B              	fcall _Lcd_Month_Day_Process
 213  0072  2800     R  	jmp _L48
 213  0073              _L49:
 216  0073              #line 216 "c:\users\longshuangmin\desktop\worke_space\g-501\g-501\mode.c"
 216  0073  0F63        	mov a,99
 216  0074  0200     E  	sub a,rb
 216  0075  0F00        	mov a,0
 216  0076  1200     E  	sbc a,rc
 216  0077  3C0A        	sz c
 216  0078  2800     R  	jmp _L48
 217  0079              #line 217 "c:\users\longshuangmin\desktop\worke_space\g-501\g-501\mode.c"
 217  0079  1F00     E  	clr _M_RTC_display[0]
 217  007A  1F00     E  	clr _M_RTC_display[1]
 217  007B              _L48:
 232  007B              #line 232 "c:\users\longshuangmin\desktop\worke_space\g-501\g-501\mode.c"
 232  007B  D083 000E   	lsz [3715]
 232  007D  2800     R  	jmp _L50
 232  007E  D080 000E   	lsz [3712]
 232  0080  2800     R  	jmp _L50
 232  0081  3E14        	sz [20].4
 232  0082  2800     R  	jmp _L41
 232  0083              _L50:
 234  0083              #line 234 "c:\users\longshuangmin\desktop\worke_space\g-501\g-501\mode.c"
 234  0083  DF00 000E   	lclr [3712]
 235  0085              #line 235 "c:\users\longshuangmin\desktop\worke_space\g-501\g-501\mode.c"
 235  0085  DF03 000E   	lclr [3715]
 236  0087              #line 236 "c:\users\longshuangmin\desktop\worke_space\g-501\g-501\mode.c"
 236  0087  0F09        	mov a,9
 236  0088  0080     E  	mov _M_TaskBuf0[0],a
 237  0089              #line 237 "c:\users\longshuangmin\desktop\worke_space\g-501\g-501\mode.c"
 237  0089  1F00     E  	clr _M_TaskBuf1[0]
 238  008A              #line 238 "c:\users\longshuangmin\desktop\worke_space\g-501\g-501\mode.c"
 238  008A  1F00     E  	clr _M_RTC_display[0]
文件：mode.c       编译器版本 HGASM 0202 页次10

 238  008B  1F00     E  	clr _M_RTC_display[1]
 238  008C              _L83:
 241  008C              #line 241 "c:\users\longshuangmin\desktop\worke_space\g-501\g-501\mode.c"
 241  008C  0F00        	mov a,0
 241  008D              	fcall _LCD_Clear
 241  0094  2800     R  	jmp _L41
 241  0095              _L85:
 267  0095              #line 267 "c:\users\longshuangmin\desktop\worke_space\g-501\g-501\mode.c"
 267  0095  3800     E  	snz _Flag6[0].1
 267  0096  2800     R  	jmp _L52
 268  0097              #line 268 "c:\users\longshuangmin\desktop\worke_space\g-501\g-501\mode.c"
 268  0097  3400     E  	clr _Flag6[0].1
 268  0098              _L52:
 269  0098              #line 269 "c:\users\longshuangmin\desktop\worke_space\g-501\g-501\mode.c"
 269  0098  3800     E  	snz _Flag6[0].3
 269  0099  2800     R  	jmp _L53
 270  009A              #line 270 "c:\users\longshuangmin\desktop\worke_space\g-501\g-501\mode.c"
 270  009A  3400     E  	clr _Flag6[0].3
 270  009B              _L53:
 271  009B              #line 271 "c:\users\longshuangmin\desktop\worke_space\g-501\g-501\mode.c"
 271  009B  3800     E  	snz _Flag6[0].5
 271  009C  2800     R  	jmp _L54
 272  009D              #line 272 "c:\users\longshuangmin\desktop\worke_space\g-501\g-501\mode.c"
 272  009D  3400     E  	clr _Flag6[0].5
 272  009E              _L54:
 273  009E              #line 273 "c:\users\longshuangmin\desktop\worke_space\g-501\g-501\mode.c"
 273  009E  3800     E  	snz _Flag6[0].7
 273  009F  2800     R  	jmp _L55
 274  00A0              #line 274 "c:\users\longshuangmin\desktop\worke_space\g-501\g-501\mode.c"
 274  00A0  3400     E  	clr _Flag6[0].7
 274  00A1              _L55:
 276  00A1              #line 276 "c:\users\longshuangmin\desktop\worke_space\g-501\g-501\mode.c"
 276  00A1  3B14        	snz [20].6
 276  00A2  2800     R  	jmp _L56
 276  00A3  3A94        	snz [20].5
 276  00A4  2800     R  	jmp _L56
 276  00A5  3DA4        	sz [36].3
 276  00A6  2800     R  	jmp _L57
 276  00A7              _L56:
 278  00A7              #line 278 "c:\users\longshuangmin\desktop\worke_space\g-501\g-501\mode.c"
 278  00A7  3000     E  	set _Flag2[0].2
 278  00A8              _L57:
 281  00A8              #line 281 "c:\users\longshuangmin\desktop\worke_space\g-501\g-501\mode.c"
 281  00A8  3E14        	sz [20].4
 281  00A9  2800     R  	jmp _L82
 284  00AA              #line 284 "c:\users\longshuangmin\desktop\worke_space\g-501\g-501\mode.c"
 284  00AA  0F01        	mov a,1
 284  00AB  0080     E  	mov _M_Strip_Type[0],a
 285  00AC              #line 285 "c:\users\longshuangmin\desktop\worke_space\g-501\g-501\mode.c"
 285  00AC  0F01        	mov a,1
 285  00AD  0080     E  	mov _M_Task[0],a
 285  00AE  2800     R  	jmp _L84
 285  00AF              _L82:
 310  00AF              #line 310 "c:\users\longshuangmin\desktop\worke_space\g-501\g-501\mode.c"
 310  00AF  0F03        	mov a,3
 310  00B0  0080     E  	mov _M_Task[0],a
 310  00B1              _L84:
 311  00B1              #line 311 "c:\users\longshuangmin\desktop\worke_space\g-501\g-501\mode.c"
 311  00B1  1F00     E  	clr _M_TaskBuf0[0]
 312  00B2              #line 312 "c:\users\longshuangmin\desktop\worke_space\g-501\g-501\mode.c"
文件：mode.c       编译器版本 HGASM 0202 页次11

 312  00B2  1F00     E  	clr _M_TaskBuf1[0]
 313  00B3              #line 313 "c:\users\longshuangmin\desktop\worke_space\g-501\g-501\mode.c"
 313  00B3  1F00     E  	clr _M_Error_Task[0]
 314  00B4              #line 314 "c:\users\longshuangmin\desktop\worke_space\g-501\g-501\mode.c"
 314  00B4  1F00     E  	clr _M_RTC_display[0]
 314  00B5  1F00     E  	clr _M_RTC_display[1]
 315  00B6              #line 315 "c:\users\longshuangmin\desktop\worke_space\g-501\g-501\mode.c"
 315  00B6  1F00     E  	clr _M_No_Active_Cnt[0]
 315  00B7  1F00     E  	clr _M_No_Active_Cnt[1]
 318  00B8              #line 318 "c:\users\longshuangmin\desktop\worke_space\g-501\g-501\mode.c"
 318  00B8  0F00        	mov a,0
 318  00B9              	fcall _LCD_Clear
 321  00C0              #line 321 "c:\users\longshuangmin\desktop\worke_space\g-501\g-501\mode.c"
 321  00C0  3400     E  	clr _Flag4[0].4
 322  00C1              #line 322 "c:\users\longshuangmin\desktop\worke_space\g-501\g-501\mode.c"
 322  00C1  1F00     E  	clr _M_Beep_Cnt[0]
 322  00C2  1F00     E  	clr _M_Beep_Cnt[1]
 322  00C3              _L41:
 330  00C3              #line 330 "c:\users\longshuangmin\desktop\worke_space\g-501\g-501\mode.c"
 330  00C3  1480     E  	inc _M_No_Active_Cnt[0]
 330  00C4  3D0A        	sz z
 330  00C5  1480     E  	inc _M_No_Active_Cnt[1]
 331  00C6              #line 331 "c:\users\longshuangmin\desktop\worke_space\g-501\g-501\mode.c"
 331  00C6  0F6F        	mov a,111
 331  00C7  0200     E  	sub a,_M_No_Active_Cnt[0]
 331  00C8  0F17        	mov a,23
 331  00C9  1200     E  	sbc a,_M_No_Active_Cnt[1]
 331  00CA  3C0A        	sz c
 331  00CB  2800     R  	jmp _L35
 333  00CC              #line 333 "c:\users\longshuangmin\desktop\worke_space\g-501\g-501\mode.c"
 333  00CC  1F00     E  	clr _M_No_Active_Cnt[0]
 333  00CD  1F00     E  	clr _M_No_Active_Cnt[1]
 334  00CE              #line 334 "c:\users\longshuangmin\desktop\worke_space\g-501\g-501\mode.c"
 334  00CE  0F09        	mov a,9
 334  00CF  0080     E  	mov _M_TaskBuf0[0],a
 334  00D0              _L35:
 334  00D0  0003        	ret
 334  00D1              _Alarm_Check_Process endp
 334  00D1              #line 334 "c:\users\longshuangmin\desktop\worke_space\g-501\g-501\mode.c"
 334  00D1              #pragma debug scope 1 1
 334  00D1              public _ChargerProcess
 334  00D1              #pragma debug scope 5 1
 341  00D1              #line 341 "c:\users\longshuangmin\desktop\worke_space\g-501\g-501\mode.c"
 341  0000              _ChargerProcess .section 'code'
 341  0000              _ChargerProcess proc
 342  0000              #line 342 "c:\users\longshuangmin\desktop\worke_space\g-501\g-501\mode.c"
 342  0000  3C27        	sz [39].0
 342  0001  2800     R  	jmp _L87
 367  0002              #line 367 "c:\users\longshuangmin\desktop\worke_space\g-501\g-501\mode.c"
 367  0002  0F01        	mov a,1
 367  0003  0300     E  	add a,_M_RTC_display[0]
 367  0004  0080     E  	mov rb,a
 367  0005  0F00        	mov a,0
 367  0006  1300     E  	adc a,_M_RTC_display[1]
 367  0007  0080     E  	mov rc,a
 367  0008  0700     E  	mov a,rb
 367  0009  0080     E  	mov _M_RTC_display[0],a
 367  000A  0700     E  	mov a,rc
 367  000B  0080     E  	mov _M_RTC_display[1],a
 368  000C              #line 368 "c:\users\longshuangmin\desktop\worke_space\g-501\g-501\mode.c"
文件：mode.c       编译器版本 HGASM 0202 页次12

 368  000C  0700     E  	mov a,rb
 368  000D  0C01        	xor a,1
 368  000E  0500     E  	or a,rc
 368  000F  390A        	snz z
 368  0010  2800     R  	jmp _L88
 370  0011              #line 370 "c:\users\longshuangmin\desktop\worke_space\g-501\g-501\mode.c"
 370  0011  0F00        	mov a,0
 370  0012  2800     R  	jmp _L93
 370  0013              _L88:
 373  0013              #line 373 "c:\users\longshuangmin\desktop\worke_space\g-501\g-501\mode.c"
 373  0013  0700     E  	mov a,rb
 373  0014  0C32        	xor a,50
 373  0015  0500     E  	or a,rc
 373  0016  390A        	snz z
 373  0017  2800     R  	jmp _L90
 375  0018              #line 375 "c:\users\longshuangmin\desktop\worke_space\g-501\g-501\mode.c"
 375  0018  0F01        	mov a,1
 375  0019  2800     R  	jmp _L93
 375  001A              _L90:
 378  001A              #line 378 "c:\users\longshuangmin\desktop\worke_space\g-501\g-501\mode.c"
 378  001A  0700     E  	mov a,rb
 378  001B  0C64        	xor a,100
 378  001C  0500     E  	or a,rc
 378  001D  390A        	snz z
 378  001E  2800     R  	jmp _L91
 380  001F              #line 380 "c:\users\longshuangmin\desktop\worke_space\g-501\g-501\mode.c"
 380  001F  0F02        	mov a,2
 380  0020  2800     R  	jmp _L93
 380  0021              _L91:
 383  0021              #line 383 "c:\users\longshuangmin\desktop\worke_space\g-501\g-501\mode.c"
 383  0021  0700     E  	mov a,rb
 383  0022  0C96        	xor a,150
 383  0023  0500     E  	or a,rc
 383  0024  390A        	snz z
 383  0025  2800     R  	jmp _L92
 385  0026              #line 385 "c:\users\longshuangmin\desktop\worke_space\g-501\g-501\mode.c"
 385  0026  0F03        	mov a,3
 385  0027              _L93:
 385  0027              	fcall _Lcd_Bat
 386  002E              #line 386 "c:\users\longshuangmin\desktop\worke_space\g-501\g-501\mode.c"
 386  002E  3000     E  	set _Flag2[0].1
 386  002F  2800     R  	jmp _L86
 386  0030              _L92:
 388  0030              #line 388 "c:\users\longshuangmin\desktop\worke_space\g-501\g-501\mode.c"
 388  0030  0700     E  	mov a,rb
 388  0031  0CC8        	xor a,200
 388  0032  0500     E  	or a,rc
 388  0033  390A        	snz z
 388  0034  2800     R  	jmp _L86
 389  0035              #line 389 "c:\users\longshuangmin\desktop\worke_space\g-501\g-501\mode.c"
 389  0035  1F00     E  	clr _M_RTC_display[0]
 389  0036  1F00     E  	clr _M_RTC_display[1]
 389  0037  2800     R  	jmp _L86
 389  0038              _L87:
 396  0038              #line 396 "c:\users\longshuangmin\desktop\worke_space\g-501\g-501\mode.c"
 396  0038  0F03        	mov a,3
 396  0039  0080     E  	mov _M_Task[0],a
 397  003A              #line 397 "c:\users\longshuangmin\desktop\worke_space\g-501\g-501\mode.c"
 397  003A  1F00     E  	clr _M_TaskBuf0[0]
 398  003B              #line 398 "c:\users\longshuangmin\desktop\worke_space\g-501\g-501\mode.c"
文件：mode.c       编译器版本 HGASM 0202 页次13

 398  003B  1F00     E  	clr _M_TaskBuf1[0]
 399  003C              #line 399 "c:\users\longshuangmin\desktop\worke_space\g-501\g-501\mode.c"
 399  003C  1F00     E  	clr _M_Error_Task[0]
 400  003D              #line 400 "c:\users\longshuangmin\desktop\worke_space\g-501\g-501\mode.c"
 400  003D  1F00     E  	clr _M_RTC_display[0]
 400  003E  1F00     E  	clr _M_RTC_display[1]
 401  003F              #line 401 "c:\users\longshuangmin\desktop\worke_space\g-501\g-501\mode.c"
 401  003F  1F00     E  	clr _M_No_Active_Cnt[0]
 401  0040  1F00     E  	clr _M_No_Active_Cnt[1]
 404  0041              #line 404 "c:\users\longshuangmin\desktop\worke_space\g-501\g-501\mode.c"
 404  0041  0F00        	mov a,0
 404  0042              	fcall _LCD_Clear
 407  0049              #line 407 "c:\users\longshuangmin\desktop\worke_space\g-501\g-501\mode.c"
 407  0049  3400     E  	clr _Flag4[0].4
 408  004A              #line 408 "c:\users\longshuangmin\desktop\worke_space\g-501\g-501\mode.c"
 408  004A  1F00     E  	clr _M_Beep_Cnt[0]
 408  004B  1F00     E  	clr _M_Beep_Cnt[1]
 408  004C              _L86:
 408  004C  0003        	ret
 408  004D              _ChargerProcess endp
 408  004D              #line 408 "c:\users\longshuangmin\desktop\worke_space\g-501\g-501\mode.c"
 408  004D              #pragma debug scope 1 1
 408  0000              @HCCINIT	.section 'data'
   8  0000              #line 8 "c:\users\longshuangmin\desktop\worke_space\g-501\g-501\mode.c"
   8  0000              @HCCINIT___distime_4107 .section 'data'
   8  0000              ___distime_4107 label byte
   8  0000              #pragma debug variable 8 2 ___distime_4107 "distime"
   8  0000              	db 80
   8  0000              @ROMDATA_BASE .section inpage 'code'
   8  0000              	db 80
   8  0001              @HCCINIT___distime_4107 .section 'data'
   8  0001              #pragma debug struct_end
   8  0001              #pragma debug struct_end
   8  0001              #pragma debug union_end
   8  0001              #pragma debug union_end
   8  0001              #pragma debug variable 43 1 ___pa "__pa" 1
   8  0001              #pragma debug struct_end
   8  0001              #pragma debug struct_end
   8  0001              #pragma debug union_end
   8  0001              #pragma debug union_end
   8  0001              #pragma debug variable 45 1 ___pb "__pb" 1
   8  0001              #pragma debug struct_end
   8  0001              #pragma debug struct_end
   8  0001              #pragma debug union_end
   8  0001              #pragma debug union_end
   8  0001              #pragma debug variable 47 1 ___pc "__pc" 1
   8  0001              #pragma debug struct_end
   8  0001              #pragma debug struct_end
   8  0001              #pragma debug union_end
   8  0001              #pragma debug union_end
   8  0001              #pragma debug variable 49 1 ___lcdc0 "__lcdc0" 1
   8  0001              #pragma debug variable 8 1 _memkey "memkey" 1
   8  0001              #pragma debug variable 8 1 _setkey "setkey" 1
   8  0001              
   8  0001              ; output external variables
   8  0001              extern _M_Beep_Cnt:byte
   8  0001              extern _M_Strip_Type:byte
   8  0001              extern _M_Days:byte
   8  0001              extern _M_Month:byte
   8  0001              extern _M_Minutes:byte
文件：mode.c       编译器版本 HGASM 0202 页次14

   8  0001              extern _M_Hour:byte
   8  0001              extern _Flag6:byte
   8  0001              extern _M_Ibuf2:byte
   8  0001              extern _M_Ibuf1:byte
   8  0001              extern _Flag4:byte
   8  0001              extern _M_No_Active_Cnt:byte
   8  0001              extern _M_Error_Task:byte
   8  0001              extern _M_TaskBuf1:byte
   8  0001              extern _M_TaskBuf0:byte
   8  0001              extern _M_Task:byte
   8  0001              extern _Flag2:byte
   8  0001              extern _HexTab:near
   8  0001              extern _lcd:byte
   8  0001              extern _charTab:near
   8  0001              extern _M_RTC_display:byte
   8  0001              extern _LCD_Clear:near
   8  0001              extern _Show_BigString_2:byte
   8  0001              extern _Show_BigString:near
   8  0001              extern _keyinti:near
   8  0001              extern _Lcd_Clock_Process_2:byte
   8  0001              extern _Lcd_Clock_Process:near
   8  0001              extern _Lcd_Month_Day_Process_2:byte
   8  0001              extern _Lcd_Month_Day_Process:near
   8  0001              extern _Lcd_Bat:near
   8  0001              
   8  0001              ; 
   8  0001              ; Generated by holtek-gcc v3.19, Fri May 23 10:39:42 2025
   8  0001              ; Rebuild 718
   8  0001              ; end of file


        0 Errors, 0