文件：pc_mode.c    编译器版本 HGASM 0202 页次1


   1  0000              ; Generated by holtek-gcc v3.19, Fri May 23 10:39:48 2025
   2  0000              ; 
   3  0000              ; Configuration:
   4  0000              ;       with long instruction
   5  0000              ;       Multi-ROM, Multi-RAM
   6  0000              ;       bits_per_rom_unit:16
   7  0000              ;       with mp1
   8  0000              ;       with tbhp, address(0x9)
   9  0000              ;          Use tabrd-const
  10  0000              ;       
  11  0000              ; SFR address of long-instruction arch:
  12  0000              ;    mp0 = -1,1,0
  13  0000              ;    mp1 = 4,3,2
  14  0000              ;    mp2 = 14,13,12
  15  0000              ;    tbp = 9,7,8
  16  0000              ;    acc = 5
  17  0000              ;    pcl = 6
  18  0000              ;    status = 10
  19  0000              ;    bp = 11
  20  0000              ;    intc = 32
  21  0000              ;       
  22  0000              ;       
  23  0000              ; use 'tabrdc' instead of 'tabrd'
  24  0000              ;       
  25  0000              
  26  0000              #pragma translator "holtek-gcc 4.6.4" "3.19" "build 20130711"
  27  0000              ; Rebuild 718
  28  0000              
  29  0000              ir equ [2]
  30  0000              mp equ [3]
  31  0000              sbp equ [4]
  32  0000              acc equ [5]
  33  0000              bp equ [11]
  34  0000              tblp equ [7]
  35  0000              tbhp equ [9]
  36  0000              status equ [10]
  37  0000              c equ [10].0
  38  0000              ac equ [10].1
  39  0000              z equ [10].2
  40  0000              ov equ [10].3
  41  0000              cz equ [10].6
  42  0000              sc equ [10].7
  43  0000              intc equ [32]
  44  0000              mduwr0 equ [59h]
  45  0000              mduwr1 equ [5ah]
  46  0000              mduwr2 equ [5bh]
  47  0000              mduwr3 equ [5ch]
  48  0000              mduwr4 equ [5dh]
  49  0000              mduwr5 equ [5eh]
  50  0000              mduwrctrl equ [5fh]
  51  0000              
  52  0000              extern ra:byte
  53  0000              extern rb:byte
  54  0000              extern rc:byte
  55  0000              extern rd:byte
  56  0000              extern re:byte
  57  0000              extern rf:byte
  58  0000              extern rg:byte
  59  0000              extern rh:byte
文件：pc_mode.ASM  编译器版本 HGASM 0202 页次2

  60  0000              extern _Crom2Prom:near
  61  0000              extern _Crom2PromNext:near
  62  0000              
  63  0000              RAMBANK 0 @BITDATASEC, @BITDATASEC1
  64  0000              @HCCINIT	.section 'data'
  65  0000              @HCCINIT0	.section 'data'
  66  0000              @BITDATASEC	 .section 'data'
  67  0000              @BITDATASEC1	 .section 'data'
  68  0000              
  69  0000              #pragma debug scope 1 1
  70  0000              	extern __DELAY3:near
  71  0000              	extern __DELAYX3:near
  72  0000              	extern __DELAYX6:near
  73  0000              	extern __DELAYY5:near
  74  0000              	extern __DELAYY3:near
  75  0000              	extern _builtin_holtek_delay_2:byte
  76  0000              public _Table_OK
  77  0000              @crom	.section 'crom'

   9  0000              #line 9 "c:\users\longshuangmin\desktop\worke_space\g-501\g-501\pc_mode.c"
   9  0000              @crom	.section	'crom'
   9  0000              _Table_OK:
   9  0000              #pragma debug array 42 8 3 1
   9  0000              #pragma debug array 42 8 3 1
   9  0000              #pragma debug variable 42 1 _Table_OK "Table_OK"
   9  0000              	db 04fh,04bh,00h
   9  0002              public _Table_BootLoad
   8  0002              #line 8 "c:\users\longshuangmin\desktop\worke_space\g-501\g-501\pc_mode.c"
   8  0002              @crom	.section	'crom'
   8  0002              _Table_BootLoad:
   8  0002              #pragma debug array 43 8 9 1
   8  0002              #pragma debug array 43 8 9 1
   8  0002              #pragma debug variable 43 1 _Table_BootLoad "Table_BootLoad"
   8  0002              	db 042h,06fh,06fh,074h,04ch,06fh,061h,064h,00h
   8  0006              public _Table_mmol
   7  0006              #line 7 "c:\users\longshuangmin\desktop\worke_space\g-501\g-501\pc_mode.c"
   7  0006              @crom	.section	'crom'
   7  0006              _Table_mmol:
   7  0006              #pragma debug array 44 8 8 1
   7  0006              #pragma debug array 44 8 8 1
   7  0006              #pragma debug variable 44 1 _Table_mmol "Table_mmol"
   7  0006              	db 06dh,06dh,06fh,05fh,04ch,0dh,0ah,00h
   7  000A              public _Table_mgdl
   6  000A              #line 6 "c:\users\longshuangmin\desktop\worke_space\g-501\g-501\pc_mode.c"
   6  000A              @crom	.section	'crom'
   6  000A              _Table_mgdl:
   6  000A              #pragma debug variable 44 1 _Table_mgdl "Table_mgdl"
   6  000A              	db 06dh,067h,05fh,064h,04ch,0dh,0ah,00h
   6  000E              public _Table_Lo
   5  000E              #line 5 "c:\users\longshuangmin\desktop\worke_space\g-501\g-501\pc_mode.c"
   5  000E              @crom	.section	'crom'
   5  000E              _Table_Lo:
   5  000E              #pragma debug array 45 8 4 1
   5  000E              #pragma debug array 45 8 4 1
   5  000E              #pragma debug variable 45 1 _Table_Lo "Table_Lo"
   5  000E              	db 04ch,06fh,02eh,00h
   5  0010              public _Table_Hi
   4  0010              #line 4 "c:\users\longshuangmin\desktop\worke_space\g-501\g-501\pc_mode.c"
   4  0010              @crom	.section	'crom'
   4  0010              _Table_Hi:
文件：pc_mode.c    编译器版本 HGASM 0202 页次3

   4  0010              #pragma debug variable 45 1 _Table_Hi "Table_Hi"
   4  0010              	db 048h,069h,02eh,00h
   4  0012              public _Table_Glucose
   3  0012              #line 3 "c:\users\longshuangmin\desktop\worke_space\g-501\g-501\pc_mode.c"
   3  0012              @crom	.section	'crom'
   3  0012              _Table_Glucose:
   3  0012              #pragma debug array 46 8 10 1
   3  0012              #pragma debug array 46 8 10 1
   3  0012              #pragma debug variable 46 1 _Table_Glucose "Table_Glucose"
   3  0012              	db 047h,06ch,075h,063h,06fh,073h,065h,0dh,0ah,00h
   3  0017              
   3  0017              ; 
   3  0017              ; Generated by holtek-gcc v3.19, Fri May 23 10:39:48 2025
   3  0017              ; Rebuild 718
   3  0017              ; end of file


        0 Errors, 0